[ 2017-06-15T08:19:15+08:00 ] 127.0.0.1 /HelloWorld/helloworld-houtai/Public/front/images/icon-all_01.png
INFO: [ app_init ] --START--
INFO: Run Behavior\BuildLiteBehavior [ RunTime:0.000017s ]
INFO: [ app_init ] --END-- [ RunTime:0.000356s ]
ERR: 无法加载模块:Public

[ 2017-06-15T08:34:58+08:00 ] 127.0.0.1 /HelloWorld/helloworld-houtai/Public/front/css/bootstrap.min.css.map
INFO: [ app_init ] --START--
INFO: Run Behavior\BuildLiteBehavior [ RunTime:0.000013s ]
INFO: [ app_init ] --END-- [ RunTime:0.000367s ]
ERR: 无法加载模块:Public

[ 2017-06-15T10:24:33+08:00 ] 127.0.0.1 /HelloWorld/helloworld-houtai/index.php/HelloWorld/helloworld-houtai/index.php/Home/Index/index.html.html
INFO: [ app_init ] --START--
INFO: Run Behavior\BuildLiteBehavior [ RunTime:0.000018s ]
INFO: [ app_init ] --END-- [ RunTime:0.000448s ]
ERR: 无法加载模块:HelloWorld

[ 2017-06-15T10:24:47+08:00 ] 127.0.0.1 /HelloWorld/helloworld-houtai/index.php/HelloWorld/helloworld-houtai/index.php/Home/Index/index.html.html
INFO: [ app_init ] --START--
INFO: Run Behavior\BuildLiteBehavior [ RunTime:0.000018s ]
INFO: [ app_init ] --END-- [ RunTime:0.000354s ]
ERR: 无法加载模块:HelloWorld

[ 2017-06-15T10:55:31+08:00 ] 127.0.0.1 /HelloWorld/helloworld-houtai/Public/front/css/bootstrap.min.css.map
INFO: [ app_init ] --START--
INFO: Run Behavior\BuildLiteBehavior [ RunTime:0.000013s ]
INFO: [ app_init ] --END-- [ RunTime:0.000313s ]
ERR: 无法加载模块:Public

[ 2017-06-15T11:12:17+08:00 ] 127.0.0.1 /HelloWorld/helloworld-houtai/Public/front/css/bootstrap.min.css.map
INFO: [ app_init ] --START--
INFO: Run Behavior\BuildLiteBehavior [ RunTime:0.000021s ]
INFO: [ app_init ] --END-- [ RunTime:0.001095s ]
ERR: 无法加载模块:Public

[ 2017-06-15T11:19:01+08:00 ] 127.0.0.1 /HelloWorld/helloworld-houtai/Public/front/css/bootstrap.min.css.map
INFO: [ app_init ] --START--
INFO: Run Behavior\BuildLiteBehavior [ RunTime:0.000024s ]
INFO: [ app_init ] --END-- [ RunTime:0.000710s ]
ERR: 无法加载模块:Public

[ 2017-06-15T11:22:11+08:00 ] 127.0.0.1 /HelloWorld/helloworld-houtai/Public/front/images/icon-all_01.png
INFO: [ app_init ] --START--
INFO: Run Behavior\BuildLiteBehavior [ RunTime:0.000013s ]
INFO: [ app_init ] --END-- [ RunTime:0.000366s ]
ERR: 无法加载模块:Public

