[ 2017-06-07T08:46:41+08:00 ] 127.0.0.1 /HelloWorld/helloworld-houtai/Public/front/js/myemojiPl.js
INFO: [ app_init ] --START--
INFO: Run Behavior\BuildLiteBehavior [ RunTime:0.000012s ]
INFO: [ app_init ] --END-- [ RunTime:0.000309s ]
ERR: 无法加载模块:Public

[ 2017-06-07T08:46:41+08:00 ] 127.0.0.1 /HelloWorld/helloworld-houtai/Public/front/css/myemojiPl.css
INFO: [ app_init ] --START--
INFO: Run Behavior\BuildLiteBehavior [ RunTime:0.000012s ]
INFO: [ app_init ] --END-- [ RunTime:0.000279s ]
ERR: 无法加载模块:Public

[ 2017-06-07T08:46:41+08:00 ] 127.0.0.1 /HelloWorld/helloworld-houtai/Public/front/js/myemojiPl.js
INFO: [ app_init ] --START--
INFO: Run Behavior\BuildLiteBehavior [ RunTime:0.000011s ]
INFO: [ app_init ] --END-- [ RunTime:0.000276s ]
ERR: 无法加载模块:Public

[ 2017-06-07T08:47:43+08:00 ] 127.0.0.1 /HelloWorld/helloworld-houtai/Public/front/css/myemojiPl.css
INFO: [ app_init ] --START--
INFO: Run Behavior\BuildLiteBehavior [ RunTime:0.000019s ]
INFO: [ app_init ] --END-- [ RunTime:0.000448s ]
ERR: 无法加载模块:Public

[ 2017-06-07T08:47:43+08:00 ] 127.0.0.1 /HelloWorld/helloworld-houtai/Public/front/js/myemojiPl.js
INFO: [ app_init ] --START--
INFO: Run Behavior\BuildLiteBehavior [ RunTime:0.000013s ]
INFO: [ app_init ] --END-- [ RunTime:0.000388s ]
ERR: 无法加载模块:Public

[ 2017-06-07T08:47:49+08:00 ] 127.0.0.1 /HelloWorld/helloworld-houtai/Public/front/css/myemojiPl.css
INFO: [ app_init ] --START--
INFO: Run Behavior\BuildLiteBehavior [ RunTime:0.000017s ]
INFO: [ app_init ] --END-- [ RunTime:0.000435s ]
ERR: 无法加载模块:Public

[ 2017-06-07T08:47:49+08:00 ] 127.0.0.1 /HelloWorld/helloworld-houtai/Public/front/js/myemojiPl.js
INFO: [ app_init ] --START--
INFO: Run Behavior\BuildLiteBehavior [ RunTime:0.000019s ]
INFO: [ app_init ] --END-- [ RunTime:0.000477s ]
ERR: 无法加载模块:Public

[ 2017-06-07T08:47:49+08:00 ] 127.0.0.1 /HelloWorld/helloworld-houtai/Public/front/js/myemojiPl.js
INFO: [ app_init ] --START--
INFO: Run Behavior\BuildLiteBehavior [ RunTime:0.000011s ]
INFO: [ app_init ] --END-- [ RunTime:0.000282s ]
ERR: 无法加载模块:Public

[ 2017-06-07T08:47:51+08:00 ] 127.0.0.1 /HelloWorld/helloworld-houtai/Public/front/css/myemojiPl.css
INFO: [ app_init ] --START--
INFO: Run Behavior\BuildLiteBehavior [ RunTime:0.000012s ]
INFO: [ app_init ] --END-- [ RunTime:0.000297s ]
ERR: 无法加载模块:Public

[ 2017-06-07T08:47:51+08:00 ] 127.0.0.1 /HelloWorld/helloworld-houtai/Public/front/js/myemojiPl.js
INFO: [ app_init ] --START--
INFO: Run Behavior\BuildLiteBehavior [ RunTime:0.000020s ]
INFO: [ app_init ] --END-- [ RunTime:0.000502s ]
ERR: 无法加载模块:Public

[ 2017-06-07T08:47:51+08:00 ] 127.0.0.1 /HelloWorld/helloworld-houtai/Public/front/js/myemojiPl.js
INFO: [ app_init ] --START--
INFO: Run Behavior\BuildLiteBehavior [ RunTime:0.000012s ]
INFO: [ app_init ] --END-- [ RunTime:0.000294s ]
ERR: 无法加载模块:Public

[ 2017-06-07T08:47:54+08:00 ] 127.0.0.1 /HelloWorld/helloworld-houtai/Public/front/css/myemojiPl.css
INFO: [ app_init ] --START--
INFO: Run Behavior\BuildLiteBehavior [ RunTime:0.000019s ]
INFO: [ app_init ] --END-- [ RunTime:0.000507s ]
ERR: 无法加载模块:Public

[ 2017-06-07T08:47:54+08:00 ] 127.0.0.1 /HelloWorld/helloworld-houtai/Public/front/js/myemojiPl.js
INFO: [ app_init ] --START--
INFO: Run Behavior\BuildLiteBehavior [ RunTime:0.000013s ]
INFO: [ app_init ] --END-- [ RunTime:0.000301s ]
ERR: 无法加载模块:Public

[ 2017-06-07T08:47:54+08:00 ] 127.0.0.1 /HelloWorld/helloworld-houtai/Public/front/js/myemojiPl.js
INFO: [ app_init ] --START--
INFO: Run Behavior\BuildLiteBehavior [ RunTime:0.000014s ]
INFO: [ app_init ] --END-- [ RunTime:0.000302s ]
ERR: 无法加载模块:Public

[ 2017-06-07T08:47:59+08:00 ] 127.0.0.1 /HelloWorld/helloworld-houtai/Public/front/css/myemojiPl.css
INFO: [ app_init ] --START--
INFO: Run Behavior\BuildLiteBehavior [ RunTime:0.000014s ]
INFO: [ app_init ] --END-- [ RunTime:0.000298s ]
ERR: 无法加载模块:Public

[ 2017-06-07T08:47:59+08:00 ] 127.0.0.1 /HelloWorld/helloworld-houtai/Public/front/js/myemojiPl.js
INFO: [ app_init ] --START--
INFO: Run Behavior\BuildLiteBehavior [ RunTime:0.000020s ]
INFO: [ app_init ] --END-- [ RunTime:0.000565s ]
ERR: 无法加载模块:Public

[ 2017-06-07T08:48:01+08:00 ] 127.0.0.1 /HelloWorld/helloworld-houtai/Public/front/css/myemojiPl.css
INFO: [ app_init ] --START--
INFO: Run Behavior\BuildLiteBehavior [ RunTime:0.000020s ]
INFO: [ app_init ] --END-- [ RunTime:0.000428s ]
ERR: 无法加载模块:Public

[ 2017-06-07T08:48:01+08:00 ] 127.0.0.1 /HelloWorld/helloworld-houtai/Public/front/js/myemojiPl.js
INFO: [ app_init ] --START--
INFO: Run Behavior\BuildLiteBehavior [ RunTime:0.000020s ]
INFO: [ app_init ] --END-- [ RunTime:0.000460s ]
ERR: 无法加载模块:Public

[ 2017-06-07T08:48:01+08:00 ] 127.0.0.1 /HelloWorld/helloworld-houtai/Public/front/js/myemojiPl.js
INFO: [ app_init ] --START--
INFO: Run Behavior\BuildLiteBehavior [ RunTime:0.000020s ]
INFO: [ app_init ] --END-- [ RunTime:0.000484s ]
ERR: 无法加载模块:Public

[ 2017-06-07T08:48:04+08:00 ] 127.0.0.1 /HelloWorld/helloworld-houtai/Public/front/css/myemojiPl.css
INFO: [ app_init ] --START--
INFO: Run Behavior\BuildLiteBehavior [ RunTime:0.000019s ]
INFO: [ app_init ] --END-- [ RunTime:0.000610s ]
ERR: 无法加载模块:Public

[ 2017-06-07T08:48:04+08:00 ] 127.0.0.1 /HelloWorld/helloworld-houtai/Public/front/js/myemojiPl.js
INFO: [ app_init ] --START--
INFO: Run Behavior\BuildLiteBehavior [ RunTime:0.000015s ]
INFO: [ app_init ] --END-- [ RunTime:0.000335s ]
ERR: 无法加载模块:Public

[ 2017-06-07T08:48:04+08:00 ] 127.0.0.1 /HelloWorld/helloworld-houtai/Public/front/js/myemojiPl.js
INFO: [ app_init ] --START--
INFO: Run Behavior\BuildLiteBehavior [ RunTime:0.000011s ]
INFO: [ app_init ] --END-- [ RunTime:0.000299s ]
ERR: 无法加载模块:Public

[ 2017-06-07T08:48:04+08:00 ] 127.0.0.1 /HelloWorld/helloworld-houtai/Public/front/css/myemojiPl.css
INFO: [ app_init ] --START--
INFO: Run Behavior\BuildLiteBehavior [ RunTime:0.000019s ]
INFO: [ app_init ] --END-- [ RunTime:0.000433s ]
ERR: 无法加载模块:Public

[ 2017-06-07T08:48:04+08:00 ] 127.0.0.1 /HelloWorld/helloworld-houtai/Public/front/js/myemojiPl.js
INFO: [ app_init ] --START--
INFO: Run Behavior\BuildLiteBehavior [ RunTime:0.000022s ]
INFO: [ app_init ] --END-- [ RunTime:0.000432s ]
ERR: 无法加载模块:Public

[ 2017-06-07T08:48:05+08:00 ] 127.0.0.1 /HelloWorld/helloworld-houtai/Public/front/js/myemojiPl.js
INFO: [ app_init ] --START--
INFO: Run Behavior\BuildLiteBehavior [ RunTime:0.000011s ]
INFO: [ app_init ] --END-- [ RunTime:0.000287s ]
ERR: 无法加载模块:Public

[ 2017-06-07T08:48:07+08:00 ] 127.0.0.1 /HelloWorld/helloworld-houtai/Public/front/css/myemojiPl.css
INFO: [ app_init ] --START--
INFO: Run Behavior\BuildLiteBehavior [ RunTime:0.000026s ]
INFO: [ app_init ] --END-- [ RunTime:0.000801s ]
ERR: 无法加载模块:Public

[ 2017-06-07T08:48:07+08:00 ] 127.0.0.1 /HelloWorld/helloworld-houtai/Public/front/js/myemojiPl.js
INFO: [ app_init ] --START--
INFO: Run Behavior\BuildLiteBehavior [ RunTime:0.000015s ]
INFO: [ app_init ] --END-- [ RunTime:0.000324s ]
ERR: 无法加载模块:Public

[ 2017-06-07T08:48:07+08:00 ] 127.0.0.1 /HelloWorld/helloworld-houtai/Public/front/js/myemojiPl.js
INFO: [ app_init ] --START--
INFO: Run Behavior\BuildLiteBehavior [ RunTime:0.000012s ]
INFO: [ app_init ] --END-- [ RunTime:0.000289s ]
ERR: 无法加载模块:Public

[ 2017-06-07T08:48:08+08:00 ] 127.0.0.1 /HelloWorld/helloworld-houtai/Public/front/css/myemojiPl.css
INFO: [ app_init ] --START--
INFO: Run Behavior\BuildLiteBehavior [ RunTime:0.000020s ]
INFO: [ app_init ] --END-- [ RunTime:0.000448s ]
ERR: 无法加载模块:Public

[ 2017-06-07T08:48:08+08:00 ] 127.0.0.1 /HelloWorld/helloworld-houtai/Public/front/js/myemojiPl.js
INFO: [ app_init ] --START--
INFO: Run Behavior\BuildLiteBehavior [ RunTime:0.000019s ]
INFO: [ app_init ] --END-- [ RunTime:0.000459s ]
ERR: 无法加载模块:Public

[ 2017-06-07T08:48:10+08:00 ] 127.0.0.1 /HelloWorld/helloworld-houtai/Public/front/css/myemojiPl.css
INFO: [ app_init ] --START--
INFO: Run Behavior\BuildLiteBehavior [ RunTime:0.000019s ]
INFO: [ app_init ] --END-- [ RunTime:0.000437s ]
ERR: 无法加载模块:Public

[ 2017-06-07T08:48:10+08:00 ] 127.0.0.1 /HelloWorld/helloworld-houtai/Public/front/js/myemojiPl.js
INFO: [ app_init ] --START--
INFO: Run Behavior\BuildLiteBehavior [ RunTime:0.000020s ]
INFO: [ app_init ] --END-- [ RunTime:0.000506s ]
ERR: 无法加载模块:Public

[ 2017-06-07T08:48:11+08:00 ] 127.0.0.1 /HelloWorld/helloworld-houtai/Public/front/css/myemojiPl.css
INFO: [ app_init ] --START--
INFO: Run Behavior\BuildLiteBehavior [ RunTime:0.000018s ]
INFO: [ app_init ] --END-- [ RunTime:0.000430s ]
ERR: 无法加载模块:Public

[ 2017-06-07T08:48:11+08:00 ] 127.0.0.1 /HelloWorld/helloworld-houtai/Public/front/js/myemojiPl.js
INFO: [ app_init ] --START--
INFO: Run Behavior\BuildLiteBehavior [ RunTime:0.000020s ]
INFO: [ app_init ] --END-- [ RunTime:0.000527s ]
ERR: 无法加载模块:Public

[ 2017-06-07T08:48:11+08:00 ] 127.0.0.1 /HelloWorld/helloworld-houtai/Public/front/js/myemojiPl.js
INFO: [ app_init ] --START--
INFO: Run Behavior\BuildLiteBehavior [ RunTime:0.000019s ]
INFO: [ app_init ] --END-- [ RunTime:0.000470s ]
ERR: 无法加载模块:Public

[ 2017-06-07T08:49:50+08:00 ] 127.0.0.1 /HelloWorld/helloworld-houtai/Public/front/css/myemojiPl.css
INFO: [ app_init ] --START--
INFO: Run Behavior\BuildLiteBehavior [ RunTime:0.000020s ]
INFO: [ app_init ] --END-- [ RunTime:0.000651s ]
ERR: 无法加载模块:Public

[ 2017-06-07T08:49:50+08:00 ] 127.0.0.1 /HelloWorld/helloworld-houtai/Public/front/js/opwri.js
INFO: [ app_init ] --START--
INFO: Run Behavior\BuildLiteBehavior [ RunTime:0.000021s ]
INFO: [ app_init ] --END-- [ RunTime:0.000484s ]
ERR: 无法加载模块:Public

[ 2017-06-07T08:49:51+08:00 ] 127.0.0.1 /HelloWorld/helloworld-houtai/Public/front/js/myemojiPl.js
INFO: [ app_init ] --START--
INFO: Run Behavior\BuildLiteBehavior [ RunTime:0.000019s ]
INFO: [ app_init ] --END-- [ RunTime:0.000513s ]
ERR: 无法加载模块:Public

[ 2017-06-07T08:49:51+08:00 ] 127.0.0.1 /HelloWorld/helloworld-houtai/Public/front/js/myemojiPl.js
INFO: [ app_init ] --START--
INFO: Run Behavior\BuildLiteBehavior [ RunTime:0.000021s ]
INFO: [ app_init ] --END-- [ RunTime:0.000483s ]
ERR: 无法加载模块:Public

[ 2017-06-07T08:49:51+08:00 ] 127.0.0.1 /HelloWorld/helloworld-houtai/Public/front/js/opwri.js
INFO: [ app_init ] --START--
INFO: Run Behavior\BuildLiteBehavior [ RunTime:0.000013s ]
INFO: [ app_init ] --END-- [ RunTime:0.000303s ]
ERR: 无法加载模块:Public

[ 2017-06-07T08:50:55+08:00 ] 127.0.0.1 /HelloWorld/helloworld-houtai/Public/front/css/myemojiPl.css
INFO: [ app_init ] --START--
INFO: Run Behavior\BuildLiteBehavior [ RunTime:0.000020s ]
INFO: [ app_init ] --END-- [ RunTime:0.000600s ]
ERR: 无法加载模块:Public

[ 2017-06-07T08:50:55+08:00 ] 127.0.0.1 /HelloWorld/helloworld-houtai/Public/front/js/myemojiPl.js
INFO: [ app_init ] --START--
INFO: Run Behavior\BuildLiteBehavior [ RunTime:0.000023s ]
INFO: [ app_init ] --END-- [ RunTime:0.000494s ]
ERR: 无法加载模块:Public

[ 2017-06-07T08:50:55+08:00 ] 127.0.0.1 /HelloWorld/helloworld-houtai/Public/front/js/opwri.js
INFO: [ app_init ] --START--
INFO: Run Behavior\BuildLiteBehavior [ RunTime:0.000020s ]
INFO: [ app_init ] --END-- [ RunTime:0.000478s ]
ERR: 无法加载模块:Public

[ 2017-06-07T08:50:55+08:00 ] 127.0.0.1 /HelloWorld/helloworld-houtai/Public/front/js/myemojiPl.js
INFO: [ app_init ] --START--
INFO: Run Behavior\BuildLiteBehavior [ RunTime:0.000010s ]
INFO: [ app_init ] --END-- [ RunTime:0.000283s ]
ERR: 无法加载模块:Public

[ 2017-06-07T08:50:56+08:00 ] 127.0.0.1 /HelloWorld/helloworld-houtai/Public/front/js/opwri.js
INFO: [ app_init ] --START--
INFO: Run Behavior\BuildLiteBehavior [ RunTime:0.000012s ]
INFO: [ app_init ] --END-- [ RunTime:0.000297s ]
ERR: 无法加载模块:Public

[ 2017-06-07T08:50:57+08:00 ] 127.0.0.1 /HelloWorld/helloworld-houtai/Public/front/css/myemojiPl.css
INFO: [ app_init ] --START--
INFO: Run Behavior\BuildLiteBehavior [ RunTime:0.000017s ]
INFO: [ app_init ] --END-- [ RunTime:0.000422s ]
ERR: 无法加载模块:Public

[ 2017-06-07T08:50:57+08:00 ] 127.0.0.1 /HelloWorld/helloworld-houtai/Public/front/js/myemojiPl.js
INFO: [ app_init ] --START--
INFO: Run Behavior\BuildLiteBehavior [ RunTime:0.000023s ]
INFO: [ app_init ] --END-- [ RunTime:0.004754s ]
ERR: 无法加载模块:Public

[ 2017-06-07T08:50:57+08:00 ] 127.0.0.1 /HelloWorld/helloworld-houtai/Public/front/js/opwri.js
INFO: [ app_init ] --START--
INFO: Run Behavior\BuildLiteBehavior [ RunTime:0.000018s ]
INFO: [ app_init ] --END-- [ RunTime:0.000473s ]
ERR: 无法加载模块:Public

[ 2017-06-07T08:50:57+08:00 ] 127.0.0.1 /HelloWorld/helloworld-houtai/Public/front/js/opwri.js
INFO: [ app_init ] --START--
INFO: Run Behavior\BuildLiteBehavior [ RunTime:0.000013s ]
INFO: [ app_init ] --END-- [ RunTime:0.000313s ]
ERR: 无法加载模块:Public

[ 2017-06-07T08:50:59+08:00 ] 127.0.0.1 /HelloWorld/helloworld-houtai/Public/front/css/myemojiPl.css
INFO: [ app_init ] --START--
INFO: Run Behavior\BuildLiteBehavior [ RunTime:0.000020s ]
INFO: [ app_init ] --END-- [ RunTime:0.000516s ]
ERR: 无法加载模块:Public

[ 2017-06-07T08:50:59+08:00 ] 127.0.0.1 /HelloWorld/helloworld-houtai/Public/front/js/myemojiPl.js
INFO: [ app_init ] --START--
INFO: Run Behavior\BuildLiteBehavior [ RunTime:0.000020s ]
INFO: [ app_init ] --END-- [ RunTime:0.000439s ]
ERR: 无法加载模块:Public

[ 2017-06-07T08:50:59+08:00 ] 127.0.0.1 /HelloWorld/helloworld-houtai/Public/front/js/opwri.js
INFO: [ app_init ] --START--
INFO: Run Behavior\BuildLiteBehavior [ RunTime:0.000021s ]
INFO: [ app_init ] --END-- [ RunTime:0.002040s ]
ERR: 无法加载模块:Public

[ 2017-06-07T08:50:59+08:00 ] 127.0.0.1 /HelloWorld/helloworld-houtai/Public/front/js/opwri.js
INFO: [ app_init ] --START--
INFO: Run Behavior\BuildLiteBehavior [ RunTime:0.000011s ]
INFO: [ app_init ] --END-- [ RunTime:0.000283s ]
ERR: 无法加载模块:Public

[ 2017-06-07T08:51:00+08:00 ] 127.0.0.1 /HelloWorld/helloworld-houtai/Public/front/js/myemojiPl.js
INFO: [ app_init ] --START--
INFO: Run Behavior\BuildLiteBehavior [ RunTime:0.000017s ]
INFO: [ app_init ] --END-- [ RunTime:0.000443s ]
ERR: 无法加载模块:Public

[ 2017-06-07T08:51:00+08:00 ] 127.0.0.1 /HelloWorld/helloworld-houtai/Public/front/css/myemojiPl.css
INFO: [ app_init ] --START--
INFO: Run Behavior\BuildLiteBehavior [ RunTime:0.000018s ]
INFO: [ app_init ] --END-- [ RunTime:0.000439s ]
ERR: 无法加载模块:Public

[ 2017-06-07T08:51:00+08:00 ] 127.0.0.1 /HelloWorld/helloworld-houtai/Public/front/js/opwri.js
INFO: [ app_init ] --START--
INFO: Run Behavior\BuildLiteBehavior [ RunTime:0.000017s ]
INFO: [ app_init ] --END-- [ RunTime:0.000445s ]
ERR: 无法加载模块:Public

[ 2017-06-07T08:51:00+08:00 ] 127.0.0.1 /HelloWorld/helloworld-houtai/Public/front/js/myemojiPl.js
INFO: [ app_init ] --START--
INFO: Run Behavior\BuildLiteBehavior [ RunTime:0.000012s ]
INFO: [ app_init ] --END-- [ RunTime:0.000314s ]
ERR: 无法加载模块:Public

[ 2017-06-07T08:51:00+08:00 ] 127.0.0.1 /HelloWorld/helloworld-houtai/Public/front/js/opwri.js
INFO: [ app_init ] --START--
INFO: Run Behavior\BuildLiteBehavior [ RunTime:0.000012s ]
INFO: [ app_init ] --END-- [ RunTime:0.000302s ]
ERR: 无法加载模块:Public

[ 2017-06-07T08:51:00+08:00 ] 127.0.0.1 /HelloWorld/helloworld-houtai/Public/front/css/myemojiPl.css
INFO: [ app_init ] --START--
INFO: Run Behavior\BuildLiteBehavior [ RunTime:0.000016s ]
INFO: [ app_init ] --END-- [ RunTime:0.000426s ]
ERR: 无法加载模块:Public

[ 2017-06-07T08:51:00+08:00 ] 127.0.0.1 /HelloWorld/helloworld-houtai/Public/front/js/myemojiPl.js
INFO: [ app_init ] --START--
INFO: Run Behavior\BuildLiteBehavior [ RunTime:0.000017s ]
INFO: [ app_init ] --END-- [ RunTime:0.000423s ]
ERR: 无法加载模块:Public

[ 2017-06-07T08:51:00+08:00 ] 127.0.0.1 /HelloWorld/helloworld-houtai/Public/front/js/opwri.js
INFO: [ app_init ] --START--
INFO: Run Behavior\BuildLiteBehavior [ RunTime:0.000021s ]
INFO: [ app_init ] --END-- [ RunTime:0.000546s ]
ERR: 无法加载模块:Public

[ 2017-06-07T08:51:00+08:00 ] 127.0.0.1 /HelloWorld/helloworld-houtai/Public/front/js/myemojiPl.js
INFO: [ app_init ] --START--
INFO: Run Behavior\BuildLiteBehavior [ RunTime:0.000011s ]
INFO: [ app_init ] --END-- [ RunTime:0.000272s ]
ERR: 无法加载模块:Public

[ 2017-06-07T08:51:00+08:00 ] 127.0.0.1 /HelloWorld/helloworld-houtai/Public/front/js/opwri.js
INFO: [ app_init ] --START--
INFO: Run Behavior\BuildLiteBehavior [ RunTime:0.000012s ]
INFO: [ app_init ] --END-- [ RunTime:0.000278s ]
ERR: 无法加载模块:Public

[ 2017-06-07T08:51:02+08:00 ] 127.0.0.1 /HelloWorld/helloworld-houtai/Public/front/css/myemojiPl.css
INFO: [ app_init ] --START--
INFO: Run Behavior\BuildLiteBehavior [ RunTime:0.000017s ]
INFO: [ app_init ] --END-- [ RunTime:0.000442s ]
ERR: 无法加载模块:Public

[ 2017-06-07T08:51:02+08:00 ] 127.0.0.1 /HelloWorld/helloworld-houtai/Public/front/js/myemojiPl.js
INFO: [ app_init ] --START--
INFO: Run Behavior\BuildLiteBehavior [ RunTime:0.000018s ]
INFO: [ app_init ] --END-- [ RunTime:0.000418s ]
ERR: 无法加载模块:Public

[ 2017-06-07T08:51:02+08:00 ] 127.0.0.1 /HelloWorld/helloworld-houtai/Public/front/js/opwri.js
INFO: [ app_init ] --START--
INFO: Run Behavior\BuildLiteBehavior [ RunTime:0.000022s ]
INFO: [ app_init ] --END-- [ RunTime:0.004551s ]
ERR: 无法加载模块:Public

[ 2017-06-07T08:51:02+08:00 ] 127.0.0.1 /HelloWorld/helloworld-houtai/Public/front/js/myemojiPl.js
INFO: [ app_init ] --START--
INFO: Run Behavior\BuildLiteBehavior [ RunTime:0.000020s ]
INFO: [ app_init ] --END-- [ RunTime:0.000493s ]
ERR: 无法加载模块:Public

[ 2017-06-07T08:51:02+08:00 ] 127.0.0.1 /HelloWorld/helloworld-houtai/Public/front/js/opwri.js
INFO: [ app_init ] --START--
INFO: Run Behavior\BuildLiteBehavior [ RunTime:0.000013s ]
INFO: [ app_init ] --END-- [ RunTime:0.000348s ]
ERR: 无法加载模块:Public

[ 2017-06-07T08:51:02+08:00 ] 127.0.0.1 /HelloWorld/helloworld-houtai/Public/front/css/myemojiPl.css
INFO: [ app_init ] --START--
INFO: Run Behavior\BuildLiteBehavior [ RunTime:0.000017s ]
INFO: [ app_init ] --END-- [ RunTime:0.000437s ]
ERR: 无法加载模块:Public

[ 2017-06-07T08:51:02+08:00 ] 127.0.0.1 /HelloWorld/helloworld-houtai/Public/front/js/opwri.js
INFO: [ app_init ] --START--
INFO: Run Behavior\BuildLiteBehavior [ RunTime:0.000018s ]
INFO: [ app_init ] --END-- [ RunTime:0.000525s ]
ERR: 无法加载模块:Public

[ 2017-06-07T08:51:02+08:00 ] 127.0.0.1 /HelloWorld/helloworld-houtai/Public/front/js/myemojiPl.js
INFO: [ app_init ] --START--
INFO: Run Behavior\BuildLiteBehavior [ RunTime:0.000020s ]
INFO: [ app_init ] --END-- [ RunTime:0.000476s ]
ERR: 无法加载模块:Public

[ 2017-06-07T08:51:03+08:00 ] 127.0.0.1 /HelloWorld/helloworld-houtai/Public/front/js/opwri.js
INFO: [ app_init ] --START--
INFO: Run Behavior\BuildLiteBehavior [ RunTime:0.000012s ]
INFO: [ app_init ] --END-- [ RunTime:0.000287s ]
ERR: 无法加载模块:Public

[ 2017-06-07T08:51:04+08:00 ] 127.0.0.1 /HelloWorld/helloworld-houtai/Public/front/css/myemojiPl.css
INFO: [ app_init ] --START--
INFO: Run Behavior\BuildLiteBehavior [ RunTime:0.000019s ]
INFO: [ app_init ] --END-- [ RunTime:0.000458s ]
ERR: 无法加载模块:Public

[ 2017-06-07T08:51:04+08:00 ] 127.0.0.1 /HelloWorld/helloworld-houtai/Public/front/js/myemojiPl.js
INFO: [ app_init ] --START--
INFO: Run Behavior\BuildLiteBehavior [ RunTime:0.000022s ]
INFO: [ app_init ] --END-- [ RunTime:0.001915s ]
ERR: 无法加载模块:Public

[ 2017-06-07T08:51:04+08:00 ] 127.0.0.1 /HelloWorld/helloworld-houtai/Public/front/js/opwri.js
INFO: [ app_init ] --START--
INFO: Run Behavior\BuildLiteBehavior [ RunTime:0.000020s ]
INFO: [ app_init ] --END-- [ RunTime:0.000507s ]
ERR: 无法加载模块:Public

[ 2017-06-07T08:51:04+08:00 ] 127.0.0.1 /HelloWorld/helloworld-houtai/Public/front/js/myemojiPl.js
INFO: [ app_init ] --START--
INFO: Run Behavior\BuildLiteBehavior [ RunTime:0.000013s ]
INFO: [ app_init ] --END-- [ RunTime:0.000320s ]
ERR: 无法加载模块:Public

[ 2017-06-07T08:51:04+08:00 ] 127.0.0.1 /HelloWorld/helloworld-houtai/Public/front/js/opwri.js
INFO: [ app_init ] --START--
INFO: Run Behavior\BuildLiteBehavior [ RunTime:0.000018s ]
INFO: [ app_init ] --END-- [ RunTime:0.000429s ]
ERR: 无法加载模块:Public

[ 2017-06-07T09:14:00+08:00 ] 127.0.0.1 /HelloWorld/helloworld-houtai/Public/front/css/myemojiPl.css
INFO: [ app_init ] --START--
INFO: Run Behavior\BuildLiteBehavior [ RunTime:0.000018s ]
INFO: [ app_init ] --END-- [ RunTime:0.000438s ]
ERR: 无法加载模块:Public

[ 2017-06-07T09:14:00+08:00 ] 127.0.0.1 /HelloWorld/helloworld-houtai/Public/front/js/myemojiPl.js
INFO: [ app_init ] --START--
INFO: Run Behavior\BuildLiteBehavior [ RunTime:0.000018s ]
INFO: [ app_init ] --END-- [ RunTime:0.000484s ]
ERR: 无法加载模块:Public

[ 2017-06-07T09:14:00+08:00 ] 127.0.0.1 /HelloWorld/helloworld-houtai/Public/front/js/opwri.js
INFO: [ app_init ] --START--
INFO: Run Behavior\BuildLiteBehavior [ RunTime:0.000014s ]
INFO: [ app_init ] --END-- [ RunTime:0.000432s ]
ERR: 无法加载模块:Public

[ 2017-06-07T09:14:00+08:00 ] 127.0.0.1 /HelloWorld/helloworld-houtai/Public/front/js/opwri.js
INFO: [ app_init ] --START--
INFO: Run Behavior\BuildLiteBehavior [ RunTime:0.000013s ]
INFO: [ app_init ] --END-- [ RunTime:0.000305s ]
ERR: 无法加载模块:Public

[ 2017-06-07T09:14:01+08:00 ] 127.0.0.1 /HelloWorld/helloworld-houtai/Public/front/css/myemojiPl.css
INFO: [ app_init ] --START--
INFO: Run Behavior\BuildLiteBehavior [ RunTime:0.000018s ]
INFO: [ app_init ] --END-- [ RunTime:0.000419s ]
ERR: 无法加载模块:Public

[ 2017-06-07T09:14:01+08:00 ] 127.0.0.1 /HelloWorld/helloworld-houtai/Public/front/js/myemojiPl.js
INFO: [ app_init ] --START--
INFO: Run Behavior\BuildLiteBehavior [ RunTime:0.000022s ]
INFO: [ app_init ] --END-- [ RunTime:0.000638s ]
ERR: 无法加载模块:Public

[ 2017-06-07T09:14:02+08:00 ] 127.0.0.1 /HelloWorld/helloworld-houtai/Public/front/js/myemojiPl.js
INFO: [ app_init ] --START--
INFO: Run Behavior\BuildLiteBehavior [ RunTime:0.000016s ]
INFO: [ app_init ] --END-- [ RunTime:0.000414s ]
ERR: 无法加载模块:Public

[ 2017-06-07T09:14:02+08:00 ] 127.0.0.1 /HelloWorld/helloworld-houtai/Public/front/css/myemojiPl.css
INFO: [ app_init ] --START--
INFO: Run Behavior\BuildLiteBehavior [ RunTime:0.000018s ]
INFO: [ app_init ] --END-- [ RunTime:0.000448s ]
ERR: 无法加载模块:Public

[ 2017-06-07T09:14:02+08:00 ] 127.0.0.1 /HelloWorld/helloworld-houtai/Public/front/js/myemojiPl.js
INFO: [ app_init ] --START--
INFO: Run Behavior\BuildLiteBehavior [ RunTime:0.000013s ]
INFO: [ app_init ] --END-- [ RunTime:0.000463s ]
ERR: 无法加载模块:Public

[ 2017-06-07T09:14:02+08:00 ] 127.0.0.1 /HelloWorld/helloworld-houtai/Public/front/js/myemojiPl.js
INFO: [ app_init ] --START--
INFO: Run Behavior\BuildLiteBehavior [ RunTime:0.000012s ]
INFO: [ app_init ] --END-- [ RunTime:0.000306s ]
ERR: 无法加载模块:Public

[ 2017-06-07T09:14:03+08:00 ] 127.0.0.1 /HelloWorld/helloworld-houtai/Public/front/css/myemojiPl.css
INFO: [ app_init ] --START--
INFO: Run Behavior\BuildLiteBehavior [ RunTime:0.000017s ]
INFO: [ app_init ] --END-- [ RunTime:0.000415s ]
ERR: 无法加载模块:Public

[ 2017-06-07T09:14:03+08:00 ] 127.0.0.1 /HelloWorld/helloworld-houtai/Public/front/js/myemojiPl.js
INFO: [ app_init ] --START--
INFO: Run Behavior\BuildLiteBehavior [ RunTime:0.000020s ]
INFO: [ app_init ] --END-- [ RunTime:0.000509s ]
ERR: 无法加载模块:Public

[ 2017-06-07T09:14:03+08:00 ] 127.0.0.1 /HelloWorld/helloworld-houtai/Public/front//user-lit.png
INFO: [ app_init ] --START--
INFO: Run Behavior\BuildLiteBehavior [ RunTime:0.000018s ]
INFO: [ app_init ] --END-- [ RunTime:0.000432s ]
ERR: 无法加载模块:Public

[ 2017-06-07T09:14:03+08:00 ] 127.0.0.1 /HelloWorld/helloworld-houtai/Public/front//HelloWorld/helloworld-houtai/Public/front/img/user-lit.png
INFO: [ app_init ] --START--
INFO: Run Behavior\BuildLiteBehavior [ RunTime:0.000017s ]
INFO: [ app_init ] --END-- [ RunTime:0.000420s ]
ERR: 无法加载模块:Public

[ 2017-06-07T09:14:04+08:00 ] 127.0.0.1 /HelloWorld/helloworld-houtai/Public/front/css/myemojiPl.css
INFO: [ app_init ] --START--
INFO: Run Behavior\BuildLiteBehavior [ RunTime:0.000017s ]
INFO: [ app_init ] --END-- [ RunTime:0.000427s ]
ERR: 无法加载模块:Public

[ 2017-06-07T09:14:04+08:00 ] 127.0.0.1 /HelloWorld/helloworld-houtai/Public/front/js/myemojiPl.js
INFO: [ app_init ] --START--
INFO: Run Behavior\BuildLiteBehavior [ RunTime:0.000020s ]
INFO: [ app_init ] --END-- [ RunTime:0.000598s ]
ERR: 无法加载模块:Public

[ 2017-06-07T09:14:05+08:00 ] 127.0.0.1 /HelloWorld/helloworld-houtai/Public/front/css/myemojiPl.css
INFO: [ app_init ] --START--
INFO: Run Behavior\BuildLiteBehavior [ RunTime:0.000011s ]
INFO: [ app_init ] --END-- [ RunTime:0.000298s ]
ERR: 无法加载模块:Public

[ 2017-06-07T09:14:05+08:00 ] 127.0.0.1 /HelloWorld/helloworld-houtai/Public/front/js/myemojiPl.js
INFO: [ app_init ] --START--
INFO: Run Behavior\BuildLiteBehavior [ RunTime:0.000018s ]
INFO: [ app_init ] --END-- [ RunTime:0.000527s ]
ERR: 无法加载模块:Public

[ 2017-06-07T09:25:22+08:00 ] 127.0.0.1 /HelloWorld/helloworld-houtai/Public/front/css/myemojiPl.css
INFO: [ app_init ] --START--
INFO: Run Behavior\BuildLiteBehavior [ RunTime:0.000018s ]
INFO: [ app_init ] --END-- [ RunTime:0.000468s ]
ERR: 无法加载模块:Public

[ 2017-06-07T09:25:22+08:00 ] 127.0.0.1 /HelloWorld/helloworld-houtai/Public/front/js/myemojiPl.js
INFO: [ app_init ] --START--
INFO: Run Behavior\BuildLiteBehavior [ RunTime:0.000022s ]
INFO: [ app_init ] --END-- [ RunTime:0.000511s ]
ERR: 无法加载模块:Public

[ 2017-06-07T09:25:22+08:00 ] 127.0.0.1 /HelloWorld/helloworld-houtai/Public/front/js/myemojiPl.js
INFO: [ app_init ] --START--
INFO: Run Behavior\BuildLiteBehavior [ RunTime:0.000017s ]
INFO: [ app_init ] --END-- [ RunTime:0.000427s ]
ERR: 无法加载模块:Public

[ 2017-06-07T09:25:24+08:00 ] 127.0.0.1 /HelloWorld/helloworld-houtai/Public/front/css/myemojiPl.css
INFO: [ app_init ] --START--
INFO: Run Behavior\BuildLiteBehavior [ RunTime:0.000018s ]
INFO: [ app_init ] --END-- [ RunTime:0.000425s ]
ERR: 无法加载模块:Public

[ 2017-06-07T09:25:24+08:00 ] 127.0.0.1 /HelloWorld/helloworld-houtai/Public/front//HelloWorld/helloworld-houtai/Public/front/js/bootstrap.min.js
INFO: [ app_init ] --START--
INFO: Run Behavior\BuildLiteBehavior [ RunTime:0.000018s ]
INFO: [ app_init ] --END-- [ RunTime:0.000435s ]
ERR: 无法加载模块:Public

[ 2017-06-07T09:25:24+08:00 ] 127.0.0.1 /HelloWorld/helloworld-houtai/Public/front/js/myemojiPl.js
INFO: [ app_init ] --START--
INFO: Run Behavior\BuildLiteBehavior [ RunTime:0.000021s ]
INFO: [ app_init ] --END-- [ RunTime:0.000530s ]
ERR: 无法加载模块:Public

[ 2017-06-07T09:25:24+08:00 ] 127.0.0.1 /HelloWorld/helloworld-houtai/Public/front//HelloWorld/helloworld-houtai/Public/front/js/bootstrap.min.js
INFO: [ app_init ] --START--
INFO: Run Behavior\BuildLiteBehavior [ RunTime:0.000012s ]
INFO: [ app_init ] --END-- [ RunTime:0.000289s ]
ERR: 无法加载模块:Public

[ 2017-06-07T09:25:24+08:00 ] 127.0.0.1 /HelloWorld/helloworld-houtai/Public/front/js/myemojiPl.js
INFO: [ app_init ] --START--
INFO: Run Behavior\BuildLiteBehavior [ RunTime:0.000017s ]
INFO: [ app_init ] --END-- [ RunTime:0.000427s ]
ERR: 无法加载模块:Public

[ 2017-06-07T10:55:58+08:00 ] 127.0.0.1 /HelloWorld/helloworld-houtai/Public/front/css/myemojiPl.css
INFO: [ app_init ] --START--
INFO: Run Behavior\BuildLiteBehavior [ RunTime:0.000020s ]
INFO: [ app_init ] --END-- [ RunTime:0.000509s ]
ERR: 无法加载模块:Public

[ 2017-06-07T10:55:58+08:00 ] 127.0.0.1 /HelloWorld/helloworld-houtai/Public/front/js/myemojiPl.js
INFO: [ app_init ] --START--
INFO: Run Behavior\BuildLiteBehavior [ RunTime:0.000021s ]
INFO: [ app_init ] --END-- [ RunTime:0.000673s ]
ERR: 无法加载模块:Public

[ 2017-06-07T10:56:00+08:00 ] 127.0.0.1 /HelloWorld/helloworld-houtai/Public/front/css/myemojiPl.css
INFO: [ app_init ] --START--
INFO: Run Behavior\BuildLiteBehavior [ RunTime:0.000019s ]
INFO: [ app_init ] --END-- [ RunTime:0.000577s ]
ERR: 无法加载模块:Public

[ 2017-06-07T10:56:00+08:00 ] 127.0.0.1 /HelloWorld/helloworld-houtai/Public/front/js/myemojiPl.js
INFO: [ app_init ] --START--
INFO: Run Behavior\BuildLiteBehavior [ RunTime:0.000019s ]
INFO: [ app_init ] --END-- [ RunTime:0.000601s ]
ERR: 无法加载模块:Public

[ 2017-06-07T10:56:00+08:00 ] 127.0.0.1 /HelloWorld/helloworld-houtai/Public/front/css/myemojiPl.css
INFO: [ app_init ] --START--
INFO: Run Behavior\BuildLiteBehavior [ RunTime:0.000012s ]
INFO: [ app_init ] --END-- [ RunTime:0.000285s ]
ERR: 无法加载模块:Public

[ 2017-06-07T10:56:00+08:00 ] 127.0.0.1 /HelloWorld/helloworld-houtai/Public/front/js/myemojiPl.js
INFO: [ app_init ] --START--
INFO: Run Behavior\BuildLiteBehavior [ RunTime:0.000017s ]
INFO: [ app_init ] --END-- [ RunTime:0.000430s ]
ERR: 无法加载模块:Public

[ 2017-06-07T10:56:01+08:00 ] 127.0.0.1 /HelloWorld/helloworld-houtai/Public/front/css/myemojiPl.css
INFO: [ app_init ] --START--
INFO: Run Behavior\BuildLiteBehavior [ RunTime:0.000163s ]
INFO: [ app_init ] --END-- [ RunTime:0.001117s ]
ERR: 无法加载模块:Public

[ 2017-06-07T10:56:01+08:00 ] 127.0.0.1 /HelloWorld/helloworld-houtai/Public/front/js/myemojiPl.js
INFO: [ app_init ] --START--
INFO: Run Behavior\BuildLiteBehavior [ RunTime:0.000019s ]
INFO: [ app_init ] --END-- [ RunTime:0.000471s ]
ERR: 无法加载模块:Public

[ 2017-06-07T10:56:01+08:00 ] 127.0.0.1 /HelloWorld/helloworld-houtai/Public/front/js/myemojiPl.js
INFO: [ app_init ] --START--
INFO: Run Behavior\BuildLiteBehavior [ RunTime:0.000011s ]
INFO: [ app_init ] --END-- [ RunTime:0.000292s ]
ERR: 无法加载模块:Public

[ 2017-06-07T10:56:01+08:00 ] 127.0.0.1 /HelloWorld/helloworld-houtai/Public/front/css/myemojiPl.css
INFO: [ app_init ] --START--
INFO: Run Behavior\BuildLiteBehavior [ RunTime:0.000020s ]
INFO: [ app_init ] --END-- [ RunTime:0.000461s ]
ERR: 无法加载模块:Public

[ 2017-06-07T10:56:01+08:00 ] 127.0.0.1 /HelloWorld/helloworld-houtai/Public/front/js/myemojiPl.js
INFO: [ app_init ] --START--
INFO: Run Behavior\BuildLiteBehavior [ RunTime:0.000020s ]
INFO: [ app_init ] --END-- [ RunTime:0.000491s ]
ERR: 无法加载模块:Public

[ 2017-06-07T10:56:01+08:00 ] 127.0.0.1 /HelloWorld/helloworld-houtai/Public/front/js/myemojiPl.js
INFO: [ app_init ] --START--
INFO: Run Behavior\BuildLiteBehavior [ RunTime:0.000013s ]
INFO: [ app_init ] --END-- [ RunTime:0.000396s ]
ERR: 无法加载模块:Public

[ 2017-06-07T10:56:02+08:00 ] 127.0.0.1 /HelloWorld/helloworld-houtai/Public/front/css/myemojiPl.css
INFO: [ app_init ] --START--
INFO: Run Behavior\BuildLiteBehavior [ RunTime:0.000017s ]
INFO: [ app_init ] --END-- [ RunTime:0.000426s ]
ERR: 无法加载模块:Public

[ 2017-06-07T10:56:02+08:00 ] 127.0.0.1 /HelloWorld/helloworld-houtai/Public/front/js/myemojiPl.js
INFO: [ app_init ] --START--
INFO: Run Behavior\BuildLiteBehavior [ RunTime:0.000018s ]
INFO: [ app_init ] --END-- [ RunTime:0.000476s ]
ERR: 无法加载模块:Public

[ 2017-06-07T10:56:03+08:00 ] 127.0.0.1 /HelloWorld/helloworld-houtai/Public/front/css/myemojiPl.css
INFO: [ app_init ] --START--
INFO: Run Behavior\BuildLiteBehavior [ RunTime:0.000018s ]
INFO: [ app_init ] --END-- [ RunTime:0.000424s ]
ERR: 无法加载模块:Public

[ 2017-06-07T10:56:03+08:00 ] 127.0.0.1 /HelloWorld/helloworld-houtai/Public/front/js/myemojiPl.js
INFO: [ app_init ] --START--
INFO: Run Behavior\BuildLiteBehavior [ RunTime:0.000020s ]
INFO: [ app_init ] --END-- [ RunTime:0.000475s ]
ERR: 无法加载模块:Public

[ 2017-06-07T10:56:03+08:00 ] 127.0.0.1 /HelloWorld/helloworld-houtai/Public/front/js/myemojiPl.js
INFO: [ app_init ] --START--
INFO: Run Behavior\BuildLiteBehavior [ RunTime:0.000012s ]
INFO: [ app_init ] --END-- [ RunTime:0.000287s ]
ERR: 无法加载模块:Public

[ 2017-06-07T10:56:08+08:00 ] 127.0.0.1 /HelloWorld/helloworld-houtai/Public/front/css/myemojiPl.css
INFO: [ app_init ] --START--
INFO: Run Behavior\BuildLiteBehavior [ RunTime:0.000019s ]
INFO: [ app_init ] --END-- [ RunTime:0.000494s ]
ERR: 无法加载模块:Public

[ 2017-06-07T10:56:08+08:00 ] 127.0.0.1 /HelloWorld/helloworld-houtai/Public/front/js/myemojiPl.js
INFO: [ app_init ] --START--
INFO: Run Behavior\BuildLiteBehavior [ RunTime:0.000020s ]
INFO: [ app_init ] --END-- [ RunTime:0.000598s ]
ERR: 无法加载模块:Public

[ 2017-06-07T10:56:08+08:00 ] 127.0.0.1 /HelloWorld/helloworld-houtai/Public/front/js/myemojiPl.js
INFO: [ app_init ] --START--
INFO: Run Behavior\BuildLiteBehavior [ RunTime:0.000012s ]
INFO: [ app_init ] --END-- [ RunTime:0.000289s ]
ERR: 无法加载模块:Public

