[ 2017-06-06T14:11:50+08:00 ] 127.0.0.1 /HelloWorld/helloworld-houtai/Public/front/css/myemojiPl.css
INFO: [ app_init ] --START--
INFO: Run Behavior\BuildLiteBehavior [ RunTime:0.000011s ]
INFO: [ app_init ] --END-- [ RunTime:0.000279s ]
ERR: 无法加载模块:Public

[ 2017-06-06T14:11:50+08:00 ] 127.0.0.1 /HelloWorld/helloworld-houtai/Public/front/js/myemojiPl.js
INFO: [ app_init ] --START--
INFO: Run Behavior\BuildLiteBehavior [ RunTime:0.000018s ]
INFO: [ app_init ] --END-- [ RunTime:0.000449s ]
ERR: 无法加载模块:Public

[ 2017-06-06T14:15:37+08:00 ] 127.0.0.1 /HelloWorld/helloworld-houtai/Public/front/css/myemojiPl.css
INFO: [ app_init ] --START--
INFO: Run Behavior\BuildLiteBehavior [ RunTime:0.000020s ]
INFO: [ app_init ] --END-- [ RunTime:0.000479s ]
ERR: 无法加载模块:Public

[ 2017-06-06T14:15:37+08:00 ] 127.0.0.1 /HelloWorld/helloworld-houtai/Public/front/js/myemojiPl.js
INFO: [ app_init ] --START--
INFO: Run Behavior\BuildLiteBehavior [ RunTime:0.000012s ]
INFO: [ app_init ] --END-- [ RunTime:0.000327s ]
ERR: 无法加载模块:Public

[ 2017-06-06T14:15:37+08:00 ] 127.0.0.1 /HelloWorld/helloworld-houtai/Public/front/js/myemojiPl.js
INFO: [ app_init ] --START--
INFO: Run Behavior\BuildLiteBehavior [ RunTime:0.000012s ]
INFO: [ app_init ] --END-- [ RunTime:0.000288s ]
ERR: 无法加载模块:Public

[ 2017-06-06T14:15:48+08:00 ] 127.0.0.1 /HelloWorld/helloworld-houtai/Public/front/css/myemojiPl.css
INFO: [ app_init ] --START--
INFO: Run Behavior\BuildLiteBehavior [ RunTime:0.000053s ]
INFO: [ app_init ] --END-- [ RunTime:0.001192s ]
ERR: 无法加载模块:Public

[ 2017-06-06T14:15:48+08:00 ] 127.0.0.1 /HelloWorld/helloworld-houtai/Public/front/js/myemojiPl.js
INFO: [ app_init ] --START--
INFO: Run Behavior\BuildLiteBehavior [ RunTime:0.000025s ]
INFO: [ app_init ] --END-- [ RunTime:0.000579s ]
ERR: 无法加载模块:Public

[ 2017-06-06T14:15:48+08:00 ] 127.0.0.1 /HelloWorld/helloworld-houtai/Public/front/js/myemojiPl.js
INFO: [ app_init ] --START--
INFO: Run Behavior\BuildLiteBehavior [ RunTime:0.000013s ]
INFO: [ app_init ] --END-- [ RunTime:0.000301s ]
ERR: 无法加载模块:Public

[ 2017-06-06T14:16:28+08:00 ] 127.0.0.1 /HelloWorld/helloworld-houtai/index.php/rmht.html
INFO: [ app_init ] --START--
INFO: Run Behavior\BuildLiteBehavior [ RunTime:0.000012s ]
INFO: [ app_init ] --END-- [ RunTime:0.000338s ]
ERR: 无法加载模块:Rmht

[ 2017-06-06T14:16:31+08:00 ] 127.0.0.1 /HelloWorld/helloworld-houtai/index.php/wdsc.html
INFO: [ app_init ] --START--
INFO: Run Behavior\BuildLiteBehavior [ RunTime:0.000013s ]
INFO: [ app_init ] --END-- [ RunTime:0.000297s ]
ERR: 无法加载模块:Wdsc

[ 2017-06-06T14:16:33+08:00 ] 127.0.0.1 /HelloWorld/helloworld-houtai/index.php/xshd.html
INFO: [ app_init ] --START--
INFO: Run Behavior\BuildLiteBehavior [ RunTime:0.000012s ]
INFO: [ app_init ] --END-- [ RunTime:0.000303s ]
ERR: 无法加载模块:Xshd

[ 2017-06-06T14:17:01+08:00 ] 127.0.0.1 /HelloWorld/helloworld-houtai/index.php/index.html
INFO: [ app_init ] --START--
INFO: Run Behavior\BuildLiteBehavior [ RunTime:0.000012s ]
INFO: [ app_init ] --END-- [ RunTime:0.000328s ]
ERR: 无法加载模块:Index

