[ 2017-06-12T14:18:36+08:00 ] 127.0.0.1 /HelloWorld/helloworld-houtai/Public/front/css/comment-style.css
INFO: [ app_init ] --START--
INFO: Run Behavior\BuildLiteBehavior [ RunTime:0.000018s ]
INFO: [ app_init ] --END-- [ RunTime:0.000541s ]
ERR: 无法加载模块:Public

[ 2017-06-12T14:18:36+08:00 ] 127.0.0.1 /HelloWorld/helloworld-houtai/Public/front/js/share.js
INFO: [ app_init ] --START--
INFO: Run Behavior\BuildLiteBehavior [ RunTime:0.000018s ]
INFO: [ app_init ] --END-- [ RunTime:0.000480s ]
ERR: 无法加载模块:Public

0.000530s ]
ERR: 无法加载模块:Public

[ 2017-06-12T14:18:36+08:00 ] 127.0.0.1 /HelloWorld/helloworld-houtai/Public/front/js/jquery-1.12.0.min.js
INFO: [ app_init ] --START--
INFO: Run Behavior\BuildLiteBehavior [ RunTime:0.000019s ]
INFO: [ app_init ] --END-- [ RunTime:0.000522s ]
ERR: 无法加载模块:Public

[ 2017-06-12T14:18:36+08:00 ] 127.0.0.1 /HelloWorld/helloworld-houtai/Public/front/img/header-img-comment_03.png
INFO: [ app_init ] --START--
INFO: Run Behavior\BuildLiteBehavior [ RunTime:0.000011s ]
INFO: [ app_init ] --END-- [ RunTime:0.000305s ]
ERR: 无法加载模块:Public

[ 2017-06-12T14:18:36+08:00 ] 127.0.0.1 /HelloWorld/helloworld-houtai/Public/front/img/header-img-comment_03.png
INFO: [ app_init ] --START--
INFO: Run Behavior\BuildLiteBehavior [ RunTime:0.000018s ]
INFO: [ app_init ] --END-- [ RunTime:0.000431s ]
ERR: 无法加载模块:Public

[ 2017-06-12T14:18:36+08:00 ] 127.0.0.1 /HelloWorld/helloworld-houtai/Public/front/js/share.js
INFO: [ app_init ] --START--
INFO: Run Behavior\BuildLiteBehavior [ RunTime:0.000030s ]
INFO: [ app_init ] --END-- [ RunTime:0.000521s ]
ERR: 无法加载模块:Public

[ 2017-06-12T14:18:36+08:00 ] 127.0.0.1 /HelloWorld/helloworld-houtai/Public/front/js/jquery-1.12.0.min.js
INFO: [ app_init ] --START--
INFO: Run Behavior\BuildLiteBehavior [ RunTime:0.000011s ]
INFO: [ app_init ] --END-- [ RunTime:0.000283s ]
ERR: 无法加载模块:Public

[ 2017-06-12T14:18:36+08:00 ] 127.0.0.1 /HelloWorld/helloworld-houtai/Public/front/js/jquery.flexText.js
INFO: [ app_init ] --START--
INFO: Run Behavior\BuildLiteBehavior [ RunTime:0.000011s ]
INFO: [ app_init ] --END-- [ RunTime:0.000295s ]
ERR: 无法加载模块:Public

[ 2017-06-12T14:18:53+08:00 ] 127.0.0.1 /HelloWorld/helloworld-houtai/Public/front/js/myemojiPl.js
INFO: [ app_init ] --START--
INFO: Run Behavior\BuildLiteBehavior [ RunTime:0.000013s ]
INFO: [ app_init ] --END-- [ RunTime:0.000301s ]
ERR: 无法加载模块:Public

[ 2017-06-12T14:18:53+08:00 ] 127.0.0.1 /HelloWorld/helloworld-houtai/Public/front/css/myemojiPl.css
INFO: [ app_init ] --START--
INFO: Run Behavior\BuildLiteBehavior [ RunTime:0.000012s ]
INFO: [ app_init ] --END-- [ RunTime:0.000300s ]
ERR: 无法加载模块:Public

[ 2017-06-12T14:18:53+08:00 ] 127.0.0.1 /HelloWorld/helloworld-houtai/Public/front/js/myemojiPl.js
INFO: [ app_init ] --START--
INFO: Run Behavior\BuildLiteBehavior [ RunTime:0.000011s ]
INFO: [ app_init ] --END-- [ RunTime:0.000279s ]
ERR: 无法加载模块:Public

[ 2017-06-12T14:18:56+08:00 ] 127.0.0.1 /HelloWorld/helloworld-houtai/Public/front/img/header-img-comment_03.png
INFO: [ app_init ] --START--
INFO: Run Behavior\BuildLiteBehavior [ RunTime:0.000014s ]
INFO: [ app_init ] --END-- [ RunTime:0.000363s ]
ERR: 无法加载模块:Public

[ 2017-06-12T14:18:56+08:00 ] 127.0.0.1 /HelloWorld/helloworld-houtai/Public/front/img/header-img-comment_03.png
INFO: [ app_init ] --START--
INFO: Run Behavior\BuildLiteBehavior [ RunTime:0.000047s ]
INFO: [ app_init ] --END-- [ RunTime:0.001012s ]
ERR: 无法加载模块:Public

[ 2017-06-12T14:18:56+08:00 ] 127.0.0.1 /HelloWorld/helloworld-houtai/Public/front/js/share.js
INFO: [ app_init ] --START--
INFO: Run Behavior\BuildLiteBehavior [ RunTime:0.000021s ]
INFO: [ app_init ] --END-- [ RunTime:0.000455s ]
ERR: 无法加载模块:Public

[ 2017-06-12T14:18:56+08:00 ] 127.0.0.1 /HelloWorld/helloworld-houtai/Public/front/js/jquery-1.12.0.min.js
INFO: [ app_init ] --START--
INFO: Run Behavior\BuildLiteBehavior [ RunTime:0.000021s ]
INFO: [ app_init ] --END-- [ RunTime:0.000817s ]
ERR: 无法加载模块:Public

[ 2017-06-12T14:18:56+08:00 ] 127.0.0.1 /HelloWorld/helloworld-houtai/Public/front/js/jquery.flexText.js
INFO: [ app_init ] --START--
INFO: Run Behavior\BuildLiteBehavior [ RunTime:0.000023s ]
INFO: [ app_init ] --END-- [ RunTime:0.000774s ]
ERR: 无法加载模块:Public

[ 2017-06-12T14:18:57+08:00 ] 127.0.0.1 /HelloWorld/helloworld-houtai/Public/front/css/myemojiPl.css
INFO: [ app_init ] --START--
INFO: Run Behavior\BuildLiteBehavior [ RunTime:0.000018s ]
INFO: [ app_init ] --END-- [ RunTime:0.000447s ]
ERR: 无法加载模块:Public

[ 2017-06-12T14:18:57+08:00 ] 127.0.0.1 /HelloWorld/helloworld-houtai/Public/front/js/myemojiPl.js
INFO: [ app_init ] --START--
INFO: Run Behavior\BuildLiteBehavior [ RunTime:0.000018s ]
INFO: [ app_init ] --END-- [ RunTime:0.000484s ]
ERR: 无法加载模块:Public

[ 2017-06-12T14:18:57+08:00 ] 127.0.0.1 /HelloWorld/helloworld-houtai/Public/front/js/myemojiPl.js
INFO: [ app_init ] --START--
INFO: Run Behavior\BuildLiteBehavior [ RunTime:0.000011s ]
INFO: [ app_init ] --END-- [ RunTime:0.000283s ]
ERR: 无法加载模块:Public

[ 2017-06-12T14:18:59+08:00 ] 127.0.0.1 /HelloWorld/helloworld-houtai/Public/front/img/header-img-comment_03.png
INFO: [ app_init ] --START--
INFO: Run Behavior\BuildLiteBehavior [ RunTime:0.000012s ]
INFO: [ app_init ] --END-- [ RunTime:0.000295s ]
ERR: 无法加载模块:Public

[ 2017-06-12T14:18:59+08:00 ] 127.0.0.1 /HelloWorld/helloworld-houtai/Public/front/img/header-img-comment_03.png
INFO: [ app_init ] --START--
INFO: Run Behavior\BuildLiteBehavior [ RunTime:0.000020s ]
INFO: [ app_init ] --END-- [ RunTime:0.000479s ]
ERR: 无法加载模块:Public

[ 2017-06-12T14:18:59+08:00 ] 127.0.0.1 /HelloWorld/helloworld-houtai/Public/front/js/share.js
INFO: [ app_init ] --START--
INFO: Run Behavior\BuildLiteBehavior [ RunTime:0.000018s ]
INFO: [ app_init ] --END-- [ RunTime:0.000438s ]
ERR: 无法加载模块:Public

[ 2017-06-12T14:18:59+08:00 ] 127.0.0.1 /HelloWorld/helloworld-houtai/Public/front/js/jquery-1.12.0.min.js
INFO: [ app_init ] --START--
INFO: Run Behavior\BuildLiteBehavior [ RunTime:0.000015s ]
INFO: [ app_init ] --END-- [ RunTime:0.000415s ]
ERR: 无法加载模块:Public

[ 2017-06-12T14:18:59+08:00 ] 127.0.0.1 /HelloWorld/helloworld-houtai/Public/front/js/jquery.flexText.js
INFO: [ app_init ] --START--
INFO: Run Behavior\BuildLiteBehavior [ RunTime:0.000021s ]
INFO: [ app_init ] --END-- [ RunTime:0.000473s ]
ERR: 无法加载模块:Public

[ 2017-06-12T14:19:34+08:00 ] 127.0.0.1 /HelloWorld/helloworld-houtai/Public/front/css/myemojiPl.css
INFO: [ app_init ] --START--
INFO: Run Behavior\BuildLiteBehavior [ RunTime:0.000017s ]
INFO: [ app_init ] --END-- [ RunTime:0.000415s ]
ERR: 无法加载模块:Public

[ 2017-06-12T14:19:34+08:00 ] 127.0.0.1 /HelloWorld/helloworld-houtai/Public/front/js/myemojiPl.js
INFO: [ app_init ] --START--
INFO: Run Behavior\BuildLiteBehavior [ RunTime:0.000018s ]
INFO: [ app_init ] --END-- [ RunTime:0.000450s ]
ERR: 无法加载模块:Public

[ 2017-06-12T14:19:41+08:00 ] 127.0.0.1 /HelloWorld/helloworld-houtai/Public/front/css/myemojiPl.css
INFO: [ app_init ] --START--
INFO: Run Behavior\BuildLiteBehavior [ RunTime:0.000021s ]
INFO: [ app_init ] --END-- [ RunTime:0.000468s ]
ERR: 无法加载模块:Public

[ 2017-06-12T14:19:41+08:00 ] 127.0.0.1 /HelloWorld/helloworld-houtai/Public/front/js/myemojiPl.js
INFO: [ app_init ] --START--
INFO: Run Behavior\BuildLiteBehavior [ RunTime:0.000013s ]
INFO: [ app_init ] --END-- [ RunTime:0.000307s ]
ERR: 无法加载模块:Public

[ 2017-06-12T14:19:41+08:00 ] 127.0.0.1 /HelloWorld/helloworld-houtai/Public/front/js/myemojiPl.js
INFO: [ app_init ] --START--
INFO: Run Behavior\BuildLiteBehavior [ RunTime:0.000010s ]
INFO: [ app_init ] --END-- [ RunTime:0.000299s ]
ERR: 无法加载模块:Public

[ 2017-06-12T14:19:43+08:00 ] 127.0.0.1 /HelloWorld/helloworld-houtai/Public/front/css/share.css
INFO: [ app_init ] --START--
INFO: Run Behavior\BuildLiteBehavior [ RunTime:0.000019s ]
INFO: [ app_init ] --END-- [ RunTime:0.000468s ]
ERR: 无法加载模块:Public

[ 2017-06-12T14:19:43+08:00 ] 127.0.0.1 /HelloWorld/helloworld-houtai/Public/front/css/comment-style.css
INFO: [ app_init ] --START--
INFO: Run Behavior\BuildLiteBehavior [ RunTime:0.000021s ]
INFO: [ app_init ] --END-- [ RunTime:0.000462s ]
ERR: 无法加载模块:Public

[ 2017-06-12T14:19:43+08:00 ] 127.0.0.1 /HelloWorld/helloworld-houtai/Public/front//HelloWorld/helloworld-houtai/Public/front/css/comment.css
INFO: [ app_init ] --START--
INFO: Run Behavior\BuildLiteBehavior [ RunTime:0.000018s ]
INFO: [ app_init ] --END-- [ RunTime:0.000431s ]
ERR: 无法加载模块:Public

[ 2017-06-12T14:19:43+08:00 ] 127.0.0.1 /HelloWorld/helloworld-houtai/Public/front/js/jquery.flexText.js
INFO: [ app_init ] --START--
INFO: Run Behavior\BuildLiteBehavior [ RunTime:0.000019s ]
INFO: [ app_init ] --END-- [ RunTime:0.000555s ]
ERR: 无法加载模块:Public

[ 2017-06-12T14:19:43+08:00 ] 127.0.0.1 /HelloWorld/helloworld-houtai/Public/front/js/jquery-1.12.0.min.js
INFO: [ app_init ] --START--
INFO: Run Behavior\BuildLiteBehavior [ RunTime:0.000026s ]
INFO: [ app_init ] --END-- [ RunTime:0.000945s ]
ERR: 无法加载模块:Public

[ 2017-06-12T14:19:43+08:00 ] 127.0.0.1 /HelloWorld/helloworld-houtai/Public/front/js/share.js
INFO: [ app_init ] --START--
INFO: Run Behavior\BuildLiteBehavior [ RunTime:0.000019s ]
INFO: [ app_init ] --END-- [ RunTime:0.000457s ]
ERR: 无法加载模块:Public

[ 2017-06-12T14:19:43+08:00 ] 127.0.0.1 /HelloWorld/helloworld-houtai/Public/front/img/header-img-comment_03.png
INFO: [ app_init ] --START--
INFO: Run Behavior\BuildLiteBehavior [ RunTime:0.000017s ]
INFO: [ app_init ] --END-- [ RunTime:0.000422s ]
ERR: 无法加载模块:Public

[ 2017-06-12T14:19:43+08:00 ] 127.0.0.1 /HelloWorld/helloworld-houtai/Public/front/js/jquery-1.12.0.min.js
INFO: [ app_init ] --START--
INFO: Run Behavior\BuildLiteBehavior [ RunTime:0.000012s ]
INFO: [ app_init ] --END-- [ RunTime:0.000291s ]
ERR: 无法加载模块:Public

[ 2017-06-12T14:19:43+08:00 ] 127.0.0.1 /HelloWorld/helloworld-houtai/Public/front/js/jquery.flexText.js
INFO: [ app_init ] --START--
INFO: Run Behavior\BuildLiteBehavior [ RunTime:0.000016s ]
INFO: [ app_init ] --END-- [ RunTime:0.000420s ]
ERR: 无法加载模块:Public

[ 2017-06-12T14:19:44+08:00 ] 127.0.0.1 /HelloWorld/helloworld-houtai/Public/front/css/myemojiPl.css
INFO: [ app_init ] --START--
INFO: Run Behavior\BuildLiteBehavior [ RunTime:0.000019s ]
INFO: [ app_init ] --END-- [ RunTime:0.000444s ]
ERR: 无法加载模块:Public

[ 2017-06-12T14:19:44+08:00 ] 127.0.0.1 /HelloWorld/helloworld-houtai/Public/front/js/myemojiPl.js
INFO: [ app_init ] --START--
INFO: Run Behavior\BuildLiteBehavior [ RunTime:0.000021s ]
INFO: [ app_init ] --END-- [ RunTime:0.000476s ]
ERR: 无法加载模块:Public

[ 2017-06-12T14:19:44+08:00 ] 127.0.0.1 /HelloWorld/helloworld-houtai/Public/front/js/myemojiPl.js
INFO: [ app_init ] --START--
INFO: Run Behavior\BuildLiteBehavior [ RunTime:0.000017s ]
INFO: [ app_init ] --END-- [ RunTime:0.000436s ]
ERR: 无法加载模块:Public

[ 2017-06-12T14:19:47+08:00 ] 127.0.0.1 /HelloWorld/helloworld-houtai/Public/front/css/share.css
INFO: [ app_init ] --START--
INFO: Run Behavior\BuildLiteBehavior [ RunTime:0.000019s ]
INFO: [ app_init ] --END-- [ RunTime:0.000442s ]
ERR: 无法加载模块:Public

[ 2017-06-12T14:19:47+08:00 ] 127.0.0.1 /HelloWorld/helloworld-houtai/Public/front//HelloWorld/helloworld-houtai/Public/front/css/comment.css
INFO: [ app_init ] --START--
INFO: Run Behavior\BuildLiteBehavior [ RunTime:0.000020s ]
INFO: [ app_init ] --END-- [ RunTime:0.000453s ]
ERR: 无法加载模块:Public

[ 2017-06-12T14:19:47+08:00 ] 127.0.0.1 /HelloWorld/helloworld-houtai/Public/front/css/comment-style.css
INFO: [ app_init ] --START--
INFO: Run Behavior\BuildLiteBehavior [ RunTime:0.000018s ]
INFO: [ app_init ] --END-- [ RunTime:0.000438s ]
ERR: 无法加载模块:Public

[ 2017-06-12T14:19:47+08:00 ] 127.0.0.1 /HelloWorld/helloworld-houtai/Public/front/js/share.js
INFO: [ app_init ] --START--
INFO: Run Behavior\BuildLiteBehavior [ RunTime:0.000095s ]
INFO: [ app_init ] --END-- [ RunTime:0.000724s ]
ERR: 无法加载模块:Public

[ 2017-06-12T14:19:47+08:00 ] 127.0.0.1 /HelloWorld/helloworld-houtai/Public/front/js/jquery-1.12.0.min.js
INFO: [ app_init ] --START--
INFO: Run Behavior\BuildLiteBehavior [ RunTime:0.000017s ]
INFO: [ app_init ] --END-- [ RunTime:0.000421s ]
ERR: 无法加载模块:Public

[ 2017-06-12T14:19:47+08:00 ] 127.0.0.1 /HelloWorld/helloworld-houtai/Public/front/img/header-img-comment_03.png
INFO: [ app_init ] --START--
INFO: Run Behavior\BuildLiteBehavior [ RunTime:0.000021s ]
INFO: [ app_init ] --END-- [ RunTime:0.000493s ]
ERR: 无法加载模块:Public

[ 2017-06-12T14:19:47+08:00 ] 127.0.0.1 /HelloWorld/helloworld-houtai/Public/front/js/jquery.flexText.js
INFO: [ app_init ] --START--
INFO: Run Behavior\BuildLiteBehavior [ RunTime:0.000021s ]
INFO: [ app_init ] --END-- [ RunTime:0.000470s ]
ERR: 无法加载模块:Public

[ 2017-06-12T14:19:47+08:00 ] 127.0.0.1 /HelloWorld/helloworld-houtai/Public/front/js/share.js
INFO: [ app_init ] --START--
INFO: Run Behavior\BuildLiteBehavior [ RunTime:0.000012s ]
INFO: [ app_init ] --END-- [ RunTime:0.000295s ]
ERR: 无法加载模块:Public

[ 2017-06-12T14:19:47+08:00 ] 127.0.0.1 /HelloWorld/helloworld-houtai/Public/front/js/jquery-1.12.0.min.js
INFO: [ app_init ] --START--
INFO: Run Behavior\BuildLiteBehavior [ RunTime:0.000011s ]
INFO: [ app_init ] --END-- [ RunTime:0.000283s ]
ERR: 无法加载模块:Public

[ 2017-06-12T14:19:47+08:00 ] 127.0.0.1 /HelloWorld/helloworld-houtai/Public/front/js/jquery.flexText.js
INFO: [ app_init ] --START--
INFO: Run Behavior\BuildLiteBehavior [ RunTime:0.000013s ]
INFO: [ app_init ] --END-- [ RunTime:0.000322s ]
ERR: 无法加载模块:Public

[ 2017-06-12T14:25:07+08:00 ] 127.0.0.1 /HelloWorld/helloworld-houtai/Public/front/css/share.css
INFO: [ app_init ] --START--
INFO: Run Behavior\BuildLiteBehavior [ RunTime:0.000018s ]
INFO: [ app_init ] --END-- [ RunTime:0.000444s ]
ERR: 无法加载模块:Public

[ 2017-06-12T14:25:07+08:00 ] 127.0.0.1 /HelloWorld/helloworld-houtai/Public/front/css/comment-style.css
INFO: [ app_init ] --START--
INFO: Run Behavior\BuildLiteBehavior [ RunTime:0.000019s ]
INFO: [ app_init ] --END-- [ RunTime:0.000508s ]
ERR: 无法加载模块:Public

[ 2017-06-12T14:25:07+08:00 ] 127.0.0.1 /HelloWorld/helloworld-houtai/Public/front/js/share.js
INFO: [ app_init ] --START--
INFO: Run Behavior\BuildLiteBehavior [ RunTime:0.000019s ]
INFO: [ app_init ] --END-- [ RunTime:0.000481s ]
ERR: 无法加载模块:Public

[ 2017-06-12T14:25:07+08:00 ] 127.0.0.1 /HelloWorld/helloworld-houtai/Public/front/js/jquery.flexText.js
INFO: [ app_init ] --START--
INFO: Run Behavior\BuildLiteBehavior [ RunTime:0.000018s ]
INFO: [ app_init ] --END-- [ RunTime:0.000485s ]
ERR: 无法加载模块:Public

[ 2017-06-12T14:25:07+08:00 ] 127.0.0.1 /HelloWorld/helloworld-houtai/Public/front//HelloWorld/helloworld-houtai/Public/front/css/comment.css
INFO: [ app_init ] --START--
INFO: Run Behavior\BuildLiteBehavior [ RunTime:0.000017s ]
INFO: [ app_init ] --END-- [ RunTime:0.000495s ]
ERR: 无法加载模块:Public

[ 2017-06-12T14:25:07+08:00 ] 127.0.0.1 /HelloWorld/helloworld-houtai/Public/front/js/jquery-1.12.0.min.js
INFO: [ app_init ] --START--
INFO: Run Behavior\BuildLiteBehavior [ RunTime:0.000017s ]
INFO: [ app_init ] --END-- [ RunTime:0.000501s ]
ERR: 无法加载模块:Public

[ 2017-06-12T14:25:07+08:00 ] 127.0.0.1 /HelloWorld/helloworld-houtai/Public/front/img/header-img-comment_03.png
INFO: [ app_init ] --START--
INFO: Run Behavior\BuildLiteBehavior [ RunTime:0.000021s ]
INFO: [ app_init ] --END-- [ RunTime:0.000495s ]
ERR: 无法加载模块:Public

[ 2017-06-12T14:25:07+08:00 ] 127.0.0.1 /HelloWorld/helloworld-houtai/Public/front/js/share.js
INFO: [ app_init ] --START--
INFO: Run Behavior\BuildLiteBehavior [ RunTime:0.000018s ]
INFO: [ app_init ] --END-- [ RunTime:0.000452s ]
ERR: 无法加载模块:Public

[ 2017-06-12T14:25:07+08:00 ] 127.0.0.1 /HelloWorld/helloworld-houtai/Public/front/js/jquery-1.12.0.min.js
INFO: [ app_init ] --START--
INFO: Run Behavior\BuildLiteBehavior [ RunTime:0.000012s ]
INFO: [ app_init ] --END-- [ RunTime:0.000286s ]
ERR: 无法加载模块:Public

[ 2017-06-12T14:25:07+08:00 ] 127.0.0.1 /HelloWorld/helloworld-houtai/Public/front/js/jquery.flexText.js
INFO: [ app_init ] --START--
INFO: Run Behavior\BuildLiteBehavior [ RunTime:0.000012s ]
INFO: [ app_init ] --END-- [ RunTime:0.000284s ]
ERR: 无法加载模块:Public

[ 2017-06-12T14:27:18+08:00 ] 127.0.0.1 /HelloWorld/helloworld-houtai/Public/front/css/share.css
INFO: [ app_init ] --START--
INFO: Run Behavior\BuildLiteBehavior [ RunTime:0.000018s ]
INFO: [ app_init ] --END-- [ RunTime:0.000434s ]
ERR: 无法加载模块:Public

[ 2017-06-12T14:27:18+08:00 ] 127.0.0.1 /HelloWorld/helloworld-houtai/Public/front/css/comment-style.css
INFO: [ app_init ] --START--
INFO: Run Behavior\BuildLiteBehavior [ RunTime:0.000021s ]
INFO: [ app_init ] --END-- [ RunTime:0.000502s ]
ERR: 无法加载模块:Public

[ 2017-06-12T14:27:18+08:00 ] 127.0.0.1 /HelloWorld/helloworld-houtai/Public/front/css/comment.css
INFO: [ app_init ] --START--
INFO: Run Behavior\BuildLiteBehavior [ RunTime:0.000017s ]
INFO: [ app_init ] --END-- [ RunTime:0.000468s ]
ERR: 无法加载模块:Public

[ 2017-06-12T14:27:18+08:00 ] 127.0.0.1 /HelloWorld/helloworld-houtai/Public/front/js/share.js
INFO: [ app_init ] --START--
INFO: Run Behavior\BuildLiteBehavior [ RunTime:0.000022s ]
INFO: [ app_init ] --END-- [ RunTime:0.000501s ]
ERR: 无法加载模块:Public

[ 2017-06-12T14:27:18+08:00 ] 127.0.0.1 /HelloWorld/helloworld-houtai/Public/front/js/jquery-1.12.0.min.js
INFO: [ app_init ] --START--
INFO: Run Behavior\BuildLiteBehavior [ RunTime:0.000018s ]
INFO: [ app_init ] --END-- [ RunTime:0.000429s ]
ERR: 无法加载模块:Public

[ 2017-06-12T14:27:18+08:00 ] 127.0.0.1 /HelloWorld/helloworld-houtai/Public/front/js/jquery.flexText.js
INFO: [ app_init ] --START--
INFO: Run Behavior\BuildLiteBehavior [ RunTime:0.000018s ]
INFO: [ app_init ] --END-- [ RunTime:0.000477s ]
ERR: 无法加载模块:Public

[ 2017-06-12T14:27:18+08:00 ] 127.0.0.1 /HelloWorld/helloworld-houtai/Public/front/img/header-img-comment_03.png
INFO: [ app_init ] --START--
INFO: Run Behavior\BuildLiteBehavior [ RunTime:0.000022s ]
INFO: [ app_init ] --END-- [ RunTime:0.000500s ]
ERR: 无法加载模块:Public

[ 2017-06-12T14:27:18+08:00 ] 127.0.0.1 /HelloWorld/helloworld-houtai/Public/front/js/share.js
INFO: [ app_init ] --START--
INFO: Run Behavior\BuildLiteBehavior [ RunTime:0.000017s ]
INFO: [ app_init ] --END-- [ RunTime:0.000434s ]
ERR: 无法加载模块:Public

[ 2017-06-12T14:27:18+08:00 ] 127.0.0.1 /HelloWorld/helloworld-houtai/Public/front/js/jquery-1.12.0.min.js
INFO: [ app_init ] --START--
INFO: Run Behavior\BuildLiteBehavior [ RunTime:0.000020s ]
INFO: [ app_init ] --END-- [ RunTime:0.000451s ]
ERR: 无法加载模块:Public

[ 2017-06-12T14:27:18+08:00 ] 127.0.0.1 /HelloWorld/helloworld-houtai/Public/front/js/jquery.flexText.js
INFO: [ app_init ] --START--
INFO: Run Behavior\BuildLiteBehavior [ RunTime:0.000012s ]
INFO: [ app_init ] --END-- [ RunTime:0.000285s ]
ERR: 无法加载模块:Public

[ 2017-06-12T14:28:55+08:00 ] 127.0.0.1 /HelloWorld/helloworld-houtai/Public/front/css/share.css
INFO: [ app_init ] --START--
INFO: Run Behavior\BuildLiteBehavior [ RunTime:0.000019s ]
INFO: [ app_init ] --END-- [ RunTime:0.000451s ]
ERR: 无法加载模块:Public

[ 2017-06-12T14:28:55+08:00 ] 127.0.0.1 /HelloWorld/helloworld-houtai/Public/front/css/comment-style.css
INFO: [ app_init ] --START--
INFO: Run Behavior\BuildLiteBehavior [ RunTime:0.000020s ]
INFO: [ app_init ] --END-- [ RunTime:0.000482s ]
ERR: 无法加载模块:Public

[ 2017-06-12T14:28:55+08:00 ] 127.0.0.1 /HelloWorld/helloworld-houtai/Public/front/css/comment.css
INFO: [ app_init ] --START--
INFO: Run Behavior\BuildLiteBehavior [ RunTime:0.000016s ]
INFO: [ app_init ] --END-- [ RunTime:0.000487s ]
ERR: 无法加载模块:Public

[ 2017-06-12T14:28:55+08:00 ] 127.0.0.1 /HelloWorld/helloworld-houtai/Public/front/img/header-img-comment_03.png
INFO: [ app_init ] --START--
INFO: Run Behavior\BuildLiteBehavior [ RunTime:0.000023s ]
INFO: [ app_init ] --END-- [ RunTime:0.000497s ]
ERR: 无法加载模块:Public

[ 2017-06-12T14:30:21+08:00 ] 127.0.0.1 /HelloWorld/helloworld-houtai/Public/front/css/share.css
INFO: [ app_init ] --START--
INFO: Run Behavior\BuildLiteBehavior [ RunTime:0.000017s ]
INFO: [ app_init ] --END-- [ RunTime:0.000437s ]
ERR: 无法加载模块:Public

[ 2017-06-12T14:30:21+08:00 ] 127.0.0.1 /HelloWorld/helloworld-houtai/Public/front/css/comment-style.css
INFO: [ app_init ] --START--
INFO: Run Behavior\BuildLiteBehavior [ RunTime:0.000019s ]
INFO: [ app_init ] --END-- [ RunTime:0.000746s ]
ERR: 无法加载模块:Public

[ 2017-06-12T14:30:21+08:00 ] 127.0.0.1 /HelloWorld/helloworld-houtai/Public/front/js/share.js
INFO: [ app_init ] --START--
INFO: Run Behavior\BuildLiteBehavior [ RunTime:0.000020s ]
INFO: [ app_init ] --END-- [ RunTime:0.000496s ]
ERR: 无法加载模块:Public

[ 2017-06-12T14:30:21+08:00 ] 127.0.0.1 /HelloWorld/helloworld-houtai/Public/front/js/jquery-1.12.0.min.js
INFO: [ app_init ] --START--
INFO: Run Behavior\BuildLiteBehavior [ RunTime:0.000018s ]
INFO: [ app_init ] --END-- [ RunTime:0.000513s ]
ERR: 无法加载模块:Public

[ 2017-06-12T14:30:21+08:00 ] 127.0.0.1 /HelloWorld/helloworld-houtai/Public/front/js/jquery.flexText.js
INFO: [ app_init ] --START--
INFO: Run Behavior\BuildLiteBehavior [ RunTime:0.000021s ]
INFO: [ app_init ] --END-- [ RunTime:0.000845s ]
ERR: 无法加载模块:Public

[ 2017-06-12T14:30:21+08:00 ] 127.0.0.1 /HelloWorld/helloworld-houtai/Public/front/css/comment.css
INFO: [ app_init ] --START--
INFO: Run Behavior\BuildLiteBehavior [ RunTime:0.000018s ]
INFO: [ app_init ] --END-- [ RunTime:0.000596s ]
ERR: 无法加载模块:Public

[ 2017-06-12T14:30:21+08:00 ] 127.0.0.1 /HelloWorld/helloworld-houtai/Public/front/img/header-img-comment_03.png
INFO: [ app_init ] --START--
INFO: Run Behavior\BuildLiteBehavior [ RunTime:0.000012s ]
INFO: [ app_init ] --END-- [ RunTime:0.000292s ]
ERR: 无法加载模块:Public

[ 2017-06-12T14:30:21+08:00 ] 127.0.0.1 /HelloWorld/helloworld-houtai/Public/front/js/share.js
INFO: [ app_init ] --START--
INFO: Run Behavior\BuildLiteBehavior [ RunTime:0.000016s ]
INFO: [ app_init ] --END-- [ RunTime:0.000444s ]
ERR: 无法加载模块:Public

[ 2017-06-12T14:30:21+08:00 ] 127.0.0.1 /HelloWorld/helloworld-houtai/Public/front/js/jquery-1.12.0.min.js
INFO: [ app_init ] --START--
INFO: Run Behavior\BuildLiteBehavior [ RunTime:0.000013s ]
INFO: [ app_init ] --END-- [ RunTime:0.000295s ]
ERR: 无法加载模块:Public

[ 2017-06-12T14:30:21+08:00 ] 127.0.0.1 /HelloWorld/helloworld-houtai/Public/front/js/jquery.flexText.js
INFO: [ app_init ] --START--
INFO: Run Behavior\BuildLiteBehavior [ RunTime:0.000011s ]
INFO: [ app_init ] --END-- [ RunTime:0.000290s ]
ERR: 无法加载模块:Public

[ 2017-06-12T14:32:17+08:00 ] 127.0.0.1 /HelloWorld/helloworld-houtai/Public/front/css/share.css
INFO: [ app_init ] --START--
INFO: Run Behavior\BuildLiteBehavior [ RunTime:0.000017s ]
INFO: [ app_init ] --END-- [ RunTime:0.000423s ]
ERR: 无法加载模块:Public

[ 2017-06-12T14:32:17+08:00 ] 127.0.0.1 /HelloWorld/helloworld-houtai/Public/front/css/comment-style.css
INFO: [ app_init ] --START--
INFO: Run Behavior\BuildLiteBehavior [ RunTime:0.000018s ]
INFO: [ app_init ] --END-- [ RunTime:0.000503s ]
ERR: 无法加载模块:Public

[ 2017-06-12T14:32:17+08:00 ] 127.0.0.1 /HelloWorld/helloworld-houtai/Public/front/css/comment.css
INFO: [ app_init ] --START--
INFO: Run Behavior\BuildLiteBehavior [ RunTime:0.000019s ]
INFO: [ app_init ] --END-- [ RunTime:0.000495s ]
ERR: 无法加载模块:Public

[ 2017-06-12T14:32:17+08:00 ] 127.0.0.1 /HelloWorld/helloworld-houtai/Public/front/js/jquery-1.12.0.min.js
INFO: [ app_init ] --START--
INFO: Run Behavior\BuildLiteBehavior [ RunTime:0.000019s ]
INFO: [ app_init ] --END-- [ RunTime:0.000449s ]
ERR: 无法加载模块:Public

[ 2017-06-12T14:32:17+08:00 ] 127.0.0.1 /HelloWorld/helloworld-houtai/Public/front/js/jquery.flexText.js
INFO: [ app_init ] --START--
INFO: Run Behavior\BuildLiteBehavior [ RunTime:0.000018s ]
INFO: [ app_init ] --END-- [ RunTime:0.000437s ]
ERR: 无法加载模块:Public

[ 2017-06-12T14:32:17+08:00 ] 127.0.0.1 /HelloWorld/helloworld-houtai/Public/front/img/header-img-comment_03.png
INFO: [ app_init ] --START--
INFO: Run Behavior\BuildLiteBehavior [ RunTime:0.000017s ]
INFO: [ app_init ] --END-- [ RunTime:0.000417s ]
ERR: 无法加载模块:Public

[ 2017-06-12T14:32:17+08:00 ] 127.0.0.1 /HelloWorld/helloworld-houtai/Public/front/js/share.js
INFO: [ app_init ] --START--
INFO: Run Behavior\BuildLiteBehavior [ RunTime:0.000018s ]
INFO: [ app_init ] --END-- [ RunTime:0.000486s ]
ERR: 无法加载模块:Public

[ 2017-06-12T14:32:17+08:00 ] 127.0.0.1 /HelloWorld/helloworld-houtai/Public/front/js/share.js
INFO: [ app_init ] --START--
INFO: Run Behavior\BuildLiteBehavior [ RunTime:0.000025s ]
INFO: [ app_init ] --END-- [ RunTime:0.000698s ]
ERR: 无法加载模块:Public

[ 2017-06-12T14:32:17+08:00 ] 127.0.0.1 /HelloWorld/helloworld-houtai/Public/front/img/header-img-comment_03.png
INFO: [ app_init ] --START--
INFO: Run Behavior\BuildLiteBehavior [ RunTime:0.000021s ]
INFO: [ app_init ] --END-- [ RunTime:0.000485s ]
ERR: 无法加载模块:Public

[ 2017-06-12T14:32:17+08:00 ] 127.0.0.1 /HelloWorld/helloworld-houtai/Public/front/js/jquery-1.12.0.min.js
INFO: [ app_init ] --START--
INFO: Run Behavior\BuildLiteBehavior [ RunTime:0.000014s ]
INFO: [ app_init ] --END-- [ RunTime:0.000307s ]
ERR: 无法加载模块:Public

[ 2017-06-12T14:32:17+08:00 ] 127.0.0.1 /HelloWorld/helloworld-houtai/Public/front/js/jquery.flexText.js
INFO: [ app_init ] --START--
INFO: Run Behavior\BuildLiteBehavior [ RunTime:0.000015s ]
INFO: [ app_init ] --END-- [ RunTime:0.000629s ]
ERR: 无法加载模块:Public

[ 2017-06-12T14:32:54+08:00 ] 127.0.0.1 /HelloWorld/helloworld-houtai/Public/front/css/share.css
INFO: [ app_init ] --START--
INFO: Run Behavior\BuildLiteBehavior [ RunTime:0.000020s ]
INFO: [ app_init ] --END-- [ RunTime:0.000479s ]
ERR: 无法加载模块:Public

[ 2017-06-12T14:32:54+08:00 ] 127.0.0.1 /HelloWorld/helloworld-houtai/Public/front/css/comment-style.css
INFO: [ app_init ] --START--
INFO: Run Behavior\BuildLiteBehavior [ RunTime:0.000019s ]
INFO: [ app_init ] --END-- [ RunTime:0.000507s ]
ERR: 无法加载模块:Public

[ 2017-06-12T14:32:54+08:00 ] 127.0.0.1 /HelloWorld/helloworld-houtai/Public/front/css/comment.css
INFO: [ app_init ] --START--
INFO: Run Behavior\BuildLiteBehavior [ RunTime:0.000023s ]
INFO: [ app_init ] --END-- [ RunTime:0.000533s ]
ERR: 无法加载模块:Public

[ 2017-06-12T14:32:54+08:00 ] 127.0.0.1 /HelloWorld/helloworld-houtai/Public/front/js/share.js
INFO: [ app_init ] --START--
INFO: Run Behavior\BuildLiteBehavior [ RunTime:0.000019s ]
INFO: [ app_init ] --END-- [ RunTime:0.000455s ]
ERR: 无法加载模块:Public

[ 2017-06-12T14:32:54+08:00 ] 127.0.0.1 /HelloWorld/helloworld-houtai/Public/front/js/jquery-1.12.0.min.js
INFO: [ app_init ] --START--
INFO: Run Behavior\BuildLiteBehavior [ RunTime:0.000018s ]
INFO: [ app_init ] --END-- [ RunTime:0.000434s ]
ERR: 无法加载模块:Public

[ 2017-06-12T14:32:54+08:00 ] 127.0.0.1 /HelloWorld/helloworld-houtai/Public/front/js/jquery.flexText.js
INFO: [ app_init ] --START--
INFO: Run Behavior\BuildLiteBehavior [ RunTime:0.000018s ]
INFO: [ app_init ] --END-- [ RunTime:0.000462s ]
ERR: 无法加载模块:Public

[ 2017-06-12T14:32:54+08:00 ] 127.0.0.1 /HelloWorld/helloworld-houtai/Public/front/img/header-img-comment_03.png
INFO: [ app_init ] --START--
INFO: Run Behavior\BuildLiteBehavior [ RunTime:0.000014s ]
INFO: [ app_init ] --END-- [ RunTime:0.000303s ]
ERR: 无法加载模块:Public

[ 2017-06-12T14:32:54+08:00 ] 127.0.0.1 /HelloWorld/helloworld-houtai/Public/front/js/share.js
INFO: [ app_init ] --START--
INFO: Run Behavior\BuildLiteBehavior [ RunTime:0.000021s ]
INFO: [ app_init ] --END-- [ RunTime:0.000499s ]
ERR: 无法加载模块:Public

[ 2017-06-12T14:32:54+08:00 ] 127.0.0.1 /HelloWorld/helloworld-houtai/Public/front/js/jquery-1.12.0.min.js
INFO: [ app_init ] --START--
INFO: Run Behavior\BuildLiteBehavior [ RunTime:0.000012s ]
INFO: [ app_init ] --END-- [ RunTime:0.000282s ]
ERR: 无法加载模块:Public

[ 2017-06-12T14:32:54+08:00 ] 127.0.0.1 /HelloWorld/helloworld-houtai/Public/front/js/jquery.flexText.js
INFO: [ app_init ] --START--
INFO: Run Behavior\BuildLiteBehavior [ RunTime:0.000012s ]
INFO: [ app_init ] --END-- [ RunTime:0.000292s ]
ERR: 无法加载模块:Public

[ 2017-06-12T14:34:12+08:00 ] 127.0.0.1 /HelloWorld/helloworld-houtai/Public/front/css/share.css
INFO: [ app_init ] --START--
INFO: Run Behavior\BuildLiteBehavior [ RunTime:0.000019s ]
INFO: [ app_init ] --END-- [ RunTime:0.000554s ]
ERR: 无法加载模块:Public

[ 2017-06-12T14:34:12+08:00 ] 127.0.0.1 /HelloWorld/helloworld-houtai/Public/front/css/comment-style.css
INFO: [ app_init ] --START--
INFO: Run Behavior\BuildLiteBehavior [ RunTime:0.000019s ]
INFO: [ app_init ] --END-- [ RunTime:0.000454s ]
ERR: 无法加载模块:Public

[ 2017-06-12T14:34:12+08:00 ] 127.0.0.1 /HelloWorld/helloworld-houtai/Public/front/css/comment.css
INFO: [ app_init ] --START--
INFO: Run Behavior\BuildLiteBehavior [ RunTime:0.000018s ]
INFO: [ app_init ] --END-- [ RunTime:0.000424s ]
ERR: 无法加载模块:Public

[ 2017-06-12T14:34:12+08:00 ] 127.0.0.1 /HelloWorld/helloworld-houtai/Public/front/js/jquery-1.12.0.min.js
INFO: [ app_init ] --START--
INFO: Run Behavior\BuildLiteBehavior [ RunTime:0.000019s ]
INFO: [ app_init ] --END-- [ RunTime:0.000427s ]
ERR: 无法加载模块:Public

[ 2017-06-12T14:34:12+08:00 ] 127.0.0.1 /HelloWorld/helloworld-houtai/Public/front/js/jquery.flexText.js
INFO: [ app_init ] --START--
INFO: Run Behavior\BuildLiteBehavior [ RunTime:0.000016s ]
INFO: [ app_init ] --END-- [ RunTime:0.000424s ]
ERR: 无法加载模块:Public

[ 2017-06-12T14:34:12+08:00 ] 127.0.0.1 /HelloWorld/helloworld-houtai/Public/front/js/share.js
INFO: [ app_init ] --START--
INFO: Run Behavior\BuildLiteBehavior [ RunTime:0.000020s ]
INFO: [ app_init ] --END-- [ RunTime:0.000439s ]
ERR: 无法加载模块:Public

[ 2017-06-12T14:34:12+08:00 ] 127.0.0.1 /HelloWorld/helloworld-houtai/Public/front/img/header-img-comment_03.png
INFO: [ app_init ] --START--
INFO: Run Behavior\BuildLiteBehavior [ RunTime:0.000017s ]
INFO: [ app_init ] --END-- [ RunTime:0.000428s ]
ERR: 无法加载模块:Public

[ 2017-06-12T14:34:12+08:00 ] 127.0.0.1 /HelloWorld/helloworld-houtai/Public/front/img/header-img-comment_03.png
INFO: [ app_init ] --START--
INFO: Run Behavior\BuildLiteBehavior [ RunTime:0.000018s ]
INFO: [ app_init ] --END-- [ RunTime:0.000463s ]
ERR: 无法加载模块:Public

[ 2017-06-12T14:34:12+08:00 ] 127.0.0.1 /HelloWorld/helloworld-houtai/Public/front/js/share.js
INFO: [ app_init ] --START--
INFO: Run Behavior\BuildLiteBehavior [ RunTime:0.000020s ]
INFO: [ app_init ] --END-- [ RunTime:0.000484s ]
ERR: 无法加载模块:Public

[ 2017-06-12T14:34:12+08:00 ] 127.0.0.1 /HelloWorld/helloworld-houtai/Public/front/js/jquery-1.12.0.min.js
INFO: [ app_init ] --START--
INFO: Run Behavior\BuildLiteBehavior [ RunTime:0.000011s ]
INFO: [ app_init ] --END-- [ RunTime:0.000285s ]
ERR: 无法加载模块:Public

[ 2017-06-12T14:34:12+08:00 ] 127.0.0.1 /HelloWorld/helloworld-houtai/Public/front/js/jquery.flexText.js
INFO: [ app_init ] --START--
INFO: Run Behavior\BuildLiteBehavior [ RunTime:0.000012s ]
INFO: [ app_init ] --END-- [ RunTime:0.000285s ]
ERR: 无法加载模块:Public

[ 2017-06-12T14:36:27+08:00 ] 127.0.0.1 /HelloWorld/helloworld-houtai/Public/front/css/comment.css
INFO: [ app_init ] --START--
INFO: Run Behavior\BuildLiteBehavior [ RunTime:0.000018s ]
INFO: [ app_init ] --END-- [ RunTime:0.000416s ]
ERR: 无法加载模块:Public

[ 2017-06-12T14:36:27+08:00 ] 127.0.0.1 /HelloWorld/helloworld-houtai/Public/front/css/share.css
INFO: [ app_init ] --START--
INFO: Run Behavior\BuildLiteBehavior [ RunTime:0.000017s ]
INFO: [ app_init ] --END-- [ RunTime:0.000471s ]
ERR: 无法加载模块:Public

[ 2017-06-12T14:36:27+08:00 ] 127.0.0.1 /HelloWorld/helloworld-houtai/Public/front/css/comment-style.css
INFO: [ app_init ] --START--
INFO: Run Behavior\BuildLiteBehavior [ RunTime:0.000013s ]
INFO: [ app_init ] --END-- [ RunTime:0.000349s ]
ERR: 无法加载模块:Public

[ 2017-06-12T14:36:27+08:00 ] 127.0.0.1 /HelloWorld/helloworld-houtai/Public/front/img/header-img-comment_03.png
INFO: [ app_init ] --START--
INFO: Run Behavior\BuildLiteBehavior [ RunTime:0.000020s ]
INFO: [ app_init ] --END-- [ RunTime:0.000434s ]
ERR: 无法加载模块:Public

[ 2017-06-12T14:36:29+08:00 ] 127.0.0.1 /HelloWorld/helloworld-houtai/Public/front/css/share.css
INFO: [ app_init ] --START--
INFO: Run Behavior\BuildLiteBehavior [ RunTime:0.000018s ]
INFO: [ app_init ] --END-- [ RunTime:0.000485s ]
ERR: 无法加载模块:Public

[ 2017-06-12T14:36:29+08:00 ] 127.0.0.1 /HelloWorld/helloworld-houtai/Public/front/css/comment-style.css
INFO: [ app_init ] --START--
INFO: Run Behavior\BuildLiteBehavior [ RunTime:0.000020s ]
INFO: [ app_init ] --END-- [ RunTime:0.000489s ]
ERR: 无法加载模块:Public

[ 2017-06-12T14:36:29+08:00 ] 127.0.0.1 /HelloWorld/helloworld-houtai/Public/front/css/comment.css
INFO: [ app_init ] --START--
INFO: Run Behavior\BuildLiteBehavior [ RunTime:0.000021s ]
INFO: [ app_init ] --END-- [ RunTime:0.000454s ]
ERR: 无法加载模块:Public

[ 2017-06-12T14:36:29+08:00 ] 127.0.0.1 /HelloWorld/helloworld-houtai/Public/front/img/header-img-comment_03.png
INFO: [ app_init ] --START--
INFO: Run Behavior\BuildLiteBehavior [ RunTime:0.000014s ]
INFO: [ app_init ] --END-- [ RunTime:0.000596s ]
ERR: 无法加载模块:Public

[ 2017-06-12T14:36:36+08:00 ] 127.0.0.1 /HelloWorld/helloworld-houtai/Public/front/css/comment-style.css
INFO: [ app_init ] --START--
INFO: Run Behavior\BuildLiteBehavior [ RunTime:0.000015s ]
INFO: [ app_init ] --END-- [ RunTime:0.000409s ]
ERR: 无法加载模块:Public

[ 2017-06-12T14:36:36+08:00 ] 127.0.0.1 /HelloWorld/helloworld-houtai/Public/front/css/comment.css
INFO: [ app_init ] --START--
INFO: Run Behavior\BuildLiteBehavior [ RunTime:0.000019s ]
INFO: [ app_init ] --END-- [ RunTime:0.000422s ]
ERR: 无法加载模块:Public

[ 2017-06-12T14:36:36+08:00 ] 127.0.0.1 /HelloWorld/helloworld-houtai/Public/front/css/share.css
INFO: [ app_init ] --START--
INFO: Run Behavior\BuildLiteBehavior [ RunTime:0.000021s ]
INFO: [ app_init ] --END-- [ RunTime:0.001073s ]
ERR: 无法加载模块:Public

[ 2017-06-12T14:36:36+08:00 ] 127.0.0.1 /HelloWorld/helloworld-houtai/Public/front/img/header-img-comment_03.png
INFO: [ app_init ] --START--
INFO: Run Behavior\BuildLiteBehavior [ RunTime:0.000014s ]
INFO: [ app_init ] --END-- [ RunTime:0.000384s ]
ERR: 无法加载模块:Public

[ 2017-06-12T14:36:58+08:00 ] 127.0.0.1 /HelloWorld/helloworld-houtai/Public/front/css/share.css
INFO: [ app_init ] --START--
INFO: Run Behavior\BuildLiteBehavior [ RunTime:0.000016s ]
INFO: [ app_init ] --END-- [ RunTime:0.000401s ]
ERR: 无法加载模块:Public

[ 2017-06-12T14:36:58+08:00 ] 127.0.0.1 /HelloWorld/helloworld-houtai/Public/front/css/comment-style.css
INFO: [ app_init ] --START--
INFO: Run Behavior\BuildLiteBehavior [ RunTime:0.000021s ]
INFO: [ app_init ] --END-- [ RunTime:0.000489s ]
ERR: 无法加载模块:Public

[ 2017-06-12T14:36:58+08:00 ] 127.0.0.1 /HelloWorld/helloworld-houtai/Public/front/css/comment.css
INFO: [ app_init ] --START--
INFO: Run Behavior\BuildLiteBehavior [ RunTime:0.000013s ]
INFO: [ app_init ] --END-- [ RunTime:0.000400s ]
ERR: 无法加载模块:Public

[ 2017-06-12T14:36:58+08:00 ] 127.0.0.1 /HelloWorld/helloworld-houtai/Public/front/img/header-img-comment_03.png
INFO: [ app_init ] --START--
INFO: Run Behavior\BuildLiteBehavior [ RunTime:0.000020s ]
INFO: [ app_init ] --END-- [ RunTime:0.000464s ]
ERR: 无法加载模块:Public

[ 2017-06-12T14:37:59+08:00 ] 127.0.0.1 /HelloWorld/helloworld-houtai/Public/front/css/share.css
INFO: [ app_init ] --START--
INFO: Run Behavior\BuildLiteBehavior [ RunTime:0.000021s ]
INFO: [ app_init ] --END-- [ RunTime:0.000482s ]
ERR: 无法加载模块:Public

[ 2017-06-12T14:37:59+08:00 ] 127.0.0.1 /HelloWorld/helloworld-houtai/Public/front/css/comment.css
INFO: [ app_init ] --START--
INFO: Run Behavior\BuildLiteBehavior [ RunTime:0.000017s ]
INFO: [ app_init ] --END-- [ RunTime:0.000432s ]
ERR: 无法加载模块:Public

[ 2017-06-12T14:37:59+08:00 ] 127.0.0.1 /HelloWorld/helloworld-houtai/Public/front/css/comment-style.css
INFO: [ app_init ] --START--
INFO: Run Behavior\BuildLiteBehavior [ RunTime:0.000013s ]
INFO: [ app_init ] --END-- [ RunTime:0.000398s ]
ERR: 无法加载模块:Public

[ 2017-06-12T14:37:59+08:00 ] 127.0.0.1 /HelloWorld/helloworld-houtai/Public/front/img/header-img-comment_03.png
INFO: [ app_init ] --START--
INFO: Run Behavior\BuildLiteBehavior [ RunTime:0.000019s ]
INFO: [ app_init ] --END-- [ RunTime:0.000459s ]
ERR: 无法加载模块:Public

[ 2017-06-12T14:39:00+08:00 ] 127.0.0.1 /HelloWorld/helloworld-houtai/Public/front/img/header-img-comment_03.png
INFO: [ app_init ] --START--
INFO: Run Behavior\BuildLiteBehavior [ RunTime:0.000020s ]
INFO: [ app_init ] --END-- [ RunTime:0.000461s ]
ERR: 无法加载模块:Public

[ 2017-06-12T14:39:00+08:00 ] 127.0.0.1 /HelloWorld/helloworld-houtai/Public/front/img/header-img-comment_03.png
INFO: [ app_init ] --START--
INFO: Run Behavior\BuildLiteBehavior [ RunTime:0.000021s ]
INFO: [ app_init ] --END-- [ RunTime:0.000497s ]
ERR: 无法加载模块:Public

[ 2017-06-12T14:39:03+08:00 ] 127.0.0.1 /HelloWorld/helloworld-houtai/Public/front/img/close.png
INFO: [ app_init ] --START--
INFO: Run Behavior\BuildLiteBehavior [ RunTime:0.000017s ]
INFO: [ app_init ] --END-- [ RunTime:0.000437s ]
ERR: 无法加载模块:Public

[ 2017-06-12T14:39:03+08:00 ] 127.0.0.1 /HelloWorld/helloworld-houtai/Public/front/img/share-qzone.png
INFO: [ app_init ] --START--
INFO: Run Behavior\BuildLiteBehavior [ RunTime:0.000018s ]
INFO: [ app_init ] --END-- [ RunTime:0.000477s ]
ERR: 无法加载模块:Public

[ 2017-06-12T14:39:03+08:00 ] 127.0.0.1 /HelloWorld/helloworld-houtai/Public/front/img/share_shade.png
INFO: [ app_init ] --START--
INFO: Run Behavior\BuildLiteBehavior [ RunTime:0.000019s ]
INFO: [ app_init ] --END-- [ RunTime:0.000820s ]
ERR: 无法加载模块:Public

[ 2017-06-12T14:39:03+08:00 ] 127.0.0.1 /HelloWorld/helloworld-houtai/Public/front/img/share-weBo.jpg
INFO: [ app_init ] --START--
INFO: Run Behavior\BuildLiteBehavior [ RunTime:0.000020s ]
INFO: [ app_init ] --END-- [ RunTime:0.000473s ]
ERR: 无法加载模块:Public

[ 2017-06-12T14:39:03+08:00 ] 127.0.0.1 /HelloWorld/helloworld-houtai/Public/front/img/share-more-people.jpg
INFO: [ app_init ] --START--
INFO: Run Behavior\BuildLiteBehavior [ RunTime:0.000017s ]
INFO: [ app_init ] --END-- [ RunTime:0.000491s ]
ERR: 无法加载模块:Public

[ 2017-06-12T14:39:03+08:00 ] 127.0.0.1 /HelloWorld/helloworld-houtai/Public/front/img/hei.png
INFO: [ app_init ] --START--
INFO: Run Behavior\BuildLiteBehavior [ RunTime:0.000012s ]
INFO: [ app_init ] --END-- [ RunTime:0.000296s ]
ERR: 无法加载模块:Public

[ 2017-06-12T14:40:01+08:00 ] 127.0.0.1 /HelloWorld/helloworld-houtai/Public/front/images/icon-all_01.png
INFO: [ app_init ] --START--
INFO: Run Behavior\BuildLiteBehavior [ RunTime:0.000011s ]
INFO: [ app_init ] --END-- [ RunTime:0.000294s ]
ERR: 无法加载模块:Public

[ 2017-06-12T14:46:20+08:00 ] 127.0.0.1 /HelloWorld/helloworld-houtai/Public/front/fonts/fontawesome-webfont.woff2?v=4.6.3
INFO: [ app_init ] --START--
INFO: Run Behavior\BuildLiteBehavior [ RunTime:0.000012s ]
INFO: [ app_init ] --END-- [ RunTime:0.000292s ]
ERR: 无法加载模块:Public

[ 2017-06-12T14:46:20+08:00 ] 127.0.0.1 /HelloWorld/helloworld-houtai/Public/front/fonts/fontawesome-webfont.woff?v=4.6.3
INFO: [ app_init ] --START--
INFO: Run Behavior\BuildLiteBehavior [ RunTime:0.000017s ]
INFO: [ app_init ] --END-- [ RunTime:0.000765s ]
ERR: 无法加载模块:Public

[ 2017-06-12T14:46:20+08:00 ] 127.0.0.1 /HelloWorld/helloworld-houtai/Public/front/fonts/fontawesome-webfont.ttf?v=4.6.3
INFO: [ app_init ] --START--
INFO: Run Behavior\BuildLiteBehavior [ RunTime:0.000018s ]
INFO: [ app_init ] --END-- [ RunTime:0.000437s ]
ERR: 无法加载模块:Public

[ 2017-06-12T14:54:52+08:00 ] 127.0.0.1 /HelloWorld/helloworld-houtai/Public/front/css/myemojiPl.css
INFO: [ app_init ] --START--
INFO: Run Behavior\BuildLiteBehavior [ RunTime:0.000020s ]
INFO: [ app_init ] --END-- [ RunTime:0.000465s ]
ERR: 无法加载模块:Public

[ 2017-06-12T14:54:52+08:00 ] 127.0.0.1 /HelloWorld/helloworld-houtai/Public/front/js/myemojiPl.js
INFO: [ app_init ] --START--
INFO: Run Behavior\BuildLiteBehavior [ RunTime:0.000018s ]
INFO: [ app_init ] --END-- [ RunTime:0.000538s ]
ERR: 无法加载模块:Public

[ 2017-06-12T14:54:52+08:00 ] 127.0.0.1 /HelloWorld/helloworld-houtai/Public/front/js/opwri.js
INFO: [ app_init ] --START--
INFO: Run Behavior\BuildLiteBehavior [ RunTime:0.000021s ]
INFO: [ app_init ] --END-- [ RunTime:0.000544s ]
ERR: 无法加载模块:Public

[ 2017-06-12T14:54:52+08:00 ] 127.0.0.1 /HelloWorld/helloworld-houtai/Public/front/js/myemojiPl.js
INFO: [ app_init ] --START--
INFO: Run Behavior\BuildLiteBehavior [ RunTime:0.000012s ]
INFO: [ app_init ] --END-- [ RunTime:0.000292s ]
ERR: 无法加载模块:Public

[ 2017-06-12T14:54:52+08:00 ] 127.0.0.1 /HelloWorld/helloworld-houtai/Public/front/js/opwri.js
INFO: [ app_init ] --START--
INFO: Run Behavior\BuildLiteBehavior [ RunTime:0.000012s ]
INFO: [ app_init ] --END-- [ RunTime:0.000279s ]
ERR: 无法加载模块:Public

[ 2017-06-12T14:54:53+08:00 ] 127.0.0.1 /HelloWorld/helloworld-houtai/Public/front/css/myemojiPl.css
INFO: [ app_init ] --START--
INFO: Run Behavior\BuildLiteBehavior [ RunTime:0.000011s ]
INFO: [ app_init ] --END-- [ RunTime:0.000291s ]
ERR: 无法加载模块:Public

[ 2017-06-12T14:54:53+08:00 ] 127.0.0.1 /HelloWorld/helloworld-houtai/Public/front/js/myemojiPl.js
INFO: [ app_init ] --START--
INFO: Run Behavior\BuildLiteBehavior [ RunTime:0.000019s ]
INFO: [ app_init ] --END-- [ RunTime:0.000464s ]
ERR: 无法加载模块:Public

[ 2017-06-12T14:54:54+08:00 ] 127.0.0.1 /HelloWorld/helloworld-houtai/Public/front//HelloWorld/helloworld-houtai/Public/front/js/bootstrap.min.js
INFO: [ app_init ] --START--
INFO: Run Behavior\BuildLiteBehavior [ RunTime:0.000014s ]
INFO: [ app_init ] --END-- [ RunTime:0.000417s ]
ERR: 无法加载模块:Public

[ 2017-06-12T14:54:54+08:00 ] 127.0.0.1 /HelloWorld/helloworld-houtai/Public/front/js/myemojiPl.js
INFO: [ app_init ] --START--
INFO: Run Behavior\BuildLiteBehavior [ RunTime:0.000011s ]
INFO: [ app_init ] --END-- [ RunTime:0.000272s ]
ERR: 无法加载模块:Public

[ 2017-06-12T14:54:55+08:00 ] 127.0.0.1 /HelloWorld/helloworld-houtai/Public/front/css/myemojiPl.css
INFO: [ app_init ] --START--
INFO: Run Behavior\BuildLiteBehavior [ RunTime:0.000017s ]
INFO: [ app_init ] --END-- [ RunTime:0.000440s ]
ERR: 无法加载模块:Public

[ 2017-06-12T14:54:55+08:00 ] 127.0.0.1 /HelloWorld/helloworld-houtai/Public/front/js/myemojiPl.js
INFO: [ app_init ] --START--
INFO: Run Behavior\BuildLiteBehavior [ RunTime:0.000020s ]
INFO: [ app_init ] --END-- [ RunTime:0.000482s ]
ERR: 无法加载模块:Public

[ 2017-06-12T14:54:56+08:00 ] 127.0.0.1 /HelloWorld/helloworld-houtai/Public/front/css/myemojiPl.css
INFO: [ app_init ] --START--
INFO: Run Behavior\BuildLiteBehavior [ RunTime:0.000019s ]
INFO: [ app_init ] --END-- [ RunTime:0.000539s ]
ERR: 无法加载模块:Public

[ 2017-06-12T14:54:56+08:00 ] 127.0.0.1 /HelloWorld/helloworld-houtai/Public/front/js/myemojiPl.js
INFO: [ app_init ] --START--
INFO: Run Behavior\BuildLiteBehavior [ RunTime:0.000017s ]
INFO: [ app_init ] --END-- [ RunTime:0.000431s ]
ERR: 无法加载模块:Public

[ 2017-06-12T14:54:57+08:00 ] 127.0.0.1 /HelloWorld/helloworld-houtai/Public/front/js/myemojiPl.js
INFO: [ app_init ] --START--
INFO: Run Behavior\BuildLiteBehavior [ RunTime:0.000049s ]
INFO: [ app_init ] --END-- [ RunTime:0.000468s ]
ERR: 无法加载模块:Public

[ 2017-06-12T14:55:07+08:00 ] 127.0.0.1 /HelloWorld/helloworld-houtai/Public/front/css/myemojiPl.css
INFO: [ app_init ] --START--
INFO: Run Behavior\BuildLiteBehavior [ RunTime:0.000019s ]
INFO: [ app_init ] --END-- [ RunTime:0.000437s ]
ERR: 无法加载模块:Public

[ 2017-06-12T14:55:07+08:00 ] 127.0.0.1 /HelloWorld/helloworld-houtai/Public/front/js/myemojiPl.js
INFO: [ app_init ] --START--
INFO: Run Behavior\BuildLiteBehavior [ RunTime:0.000017s ]
INFO: [ app_init ] --END-- [ RunTime:0.000424s ]
ERR: 无法加载模块:Public

[ 2017-06-12T14:55:07+08:00 ] 127.0.0.1 /HelloWorld/helloworld-houtai/Public/front/js/opwri.js
INFO: [ app_init ] --START--
INFO: Run Behavior\BuildLiteBehavior [ RunTime:0.000019s ]
INFO: [ app_init ] --END-- [ RunTime:0.000474s ]
ERR: 无法加载模块:Public

[ 2017-06-12T14:55:07+08:00 ] 127.0.0.1 /HelloWorld/helloworld-houtai/Public/front/js/myemojiPl.js
INFO: [ app_init ] --START--
INFO: Run Behavior\BuildLiteBehavior [ RunTime:0.000011s ]
INFO: [ app_init ] --END-- [ RunTime:0.000299s ]
ERR: 无法加载模块:Public

[ 2017-06-12T14:55:07+08:00 ] 127.0.0.1 /HelloWorld/helloworld-houtai/Public/front/js/opwri.js
INFO: [ app_init ] --START--
INFO: Run Behavior\BuildLiteBehavior [ RunTime:0.000012s ]
INFO: [ app_init ] --END-- [ RunTime:0.000285s ]
ERR: 无法加载模块:Public

[ 2017-06-12T14:59:29+08:00 ] 127.0.0.1 /HelloWorld/helloworld-houtai/Public/front/css/myemojiPl.css
INFO: [ app_init ] --START--
INFO: Run Behavior\BuildLiteBehavior [ RunTime:0.000021s ]
INFO: [ app_init ] --END-- [ RunTime:0.000478s ]
ERR: 无法加载模块:Public

[ 2017-06-12T14:59:29+08:00 ] 127.0.0.1 /HelloWorld/helloworld-houtai/Public/front//HelloWorld/helloworld-houtai/Public/front/js/bootstrap.min.js
INFO: [ app_init ] --START--
INFO: Run Behavior\BuildLiteBehavior [ RunTime:0.000018s ]
INFO: [ app_init ] --END-- [ RunTime:0.000506s ]
ERR: 无法加载模块:Public

[ 2017-06-12T14:59:29+08:00 ] 127.0.0.1 /HelloWorld/helloworld-houtai/Public/front/js/myemojiPl.js
INFO: [ app_init ] --START--
INFO: Run Behavior\BuildLiteBehavior [ RunTime:0.000018s ]
INFO: [ app_init ] --END-- [ RunTime:0.000505s ]
ERR: 无法加载模块:Public

[ 2017-06-12T14:59:29+08:00 ] 127.0.0.1 /HelloWorld/helloworld-houtai/Public/front//HelloWorld/helloworld-houtai/Public/front/js/bootstrap.min.js
INFO: [ app_init ] --START--
INFO: Run Behavior\BuildLiteBehavior [ RunTime:0.000018s ]
INFO: [ app_init ] --END-- [ RunTime:0.000459s ]
ERR: 无法加载模块:Public

[ 2017-06-12T14:59:29+08:00 ] 127.0.0.1 /HelloWorld/helloworld-houtai/Public/front/js/myemojiPl.js
INFO: [ app_init ] --START--
INFO: Run Behavior\BuildLiteBehavior [ RunTime:0.000021s ]
INFO: [ app_init ] --END-- [ RunTime:0.000472s ]
ERR: 无法加载模块:Public

[ 2017-06-12T14:59:31+08:00 ] 127.0.0.1 /HelloWorld/helloworld-houtai/Public/front/css/myemojiPl.css
INFO: [ app_init ] --START--
INFO: Run Behavior\BuildLiteBehavior [ RunTime:0.000019s ]
INFO: [ app_init ] --END-- [ RunTime:0.000445s ]
ERR: 无法加载模块:Public

[ 2017-06-12T14:59:31+08:00 ] 127.0.0.1 /HelloWorld/helloworld-houtai/Public/front/js/myemojiPl.js
INFO: [ app_init ] --START--
INFO: Run Behavior\BuildLiteBehavior [ RunTime:0.000020s ]
INFO: [ app_init ] --END-- [ RunTime:0.000467s ]
ERR: 无法加载模块:Public

[ 2017-06-12T14:59:31+08:00 ] 127.0.0.1 /HelloWorld/helloworld-houtai/Public/front/js/myemojiPl.js
INFO: [ app_init ] --START--
INFO: Run Behavior\BuildLiteBehavior [ RunTime:0.000014s ]
INFO: [ app_init ] --END-- [ RunTime:0.000382s ]
ERR: 无法加载模块:Public

[ 2017-06-12T14:59:32+08:00 ] 127.0.0.1 /HelloWorld/helloworld-houtai/Public/front/css/myemojiPl.css
INFO: [ app_init ] --START--
INFO: Run Behavior\BuildLiteBehavior [ RunTime:0.000018s ]
INFO: [ app_init ] --END-- [ RunTime:0.000417s ]
ERR: 无法加载模块:Public

[ 2017-06-12T14:59:32+08:00 ] 127.0.0.1 /HelloWorld/helloworld-houtai/Public/front/js/myemojiPl.js
INFO: [ app_init ] --START--
INFO: Run Behavior\BuildLiteBehavior [ RunTime:0.000022s ]
INFO: [ app_init ] --END-- [ RunTime:0.000658s ]
ERR: 无法加载模块:Public

[ 2017-06-12T14:59:32+08:00 ] 127.0.0.1 /HelloWorld/helloworld-houtai/Public/front/js/opwri.js
INFO: [ app_init ] --START--
INFO: Run Behavior\BuildLiteBehavior [ RunTime:0.000019s ]
INFO: [ app_init ] --END-- [ RunTime:0.000571s ]
ERR: 无法加载模块:Public

[ 2017-06-12T14:59:32+08:00 ] 127.0.0.1 /HelloWorld/helloworld-houtai/Public/front/js/myemojiPl.js
INFO: [ app_init ] --START--
INFO: Run Behavior\BuildLiteBehavior [ RunTime:0.000018s ]
INFO: [ app_init ] --END-- [ RunTime:0.000443s ]
ERR: 无法加载模块:Public

[ 2017-06-12T14:59:32+08:00 ] 127.0.0.1 /HelloWorld/helloworld-houtai/Public/front/js/opwri.js
INFO: [ app_init ] --START--
INFO: Run Behavior\BuildLiteBehavior [ RunTime:0.000011s ]
INFO: [ app_init ] --END-- [ RunTime:0.000335s ]
ERR: 无法加载模块:Public

[ 2017-06-12T14:59:35+08:00 ] 127.0.0.1 /HelloWorld/helloworld-houtai/Public/front/css/myemojiPl.css
INFO: [ app_init ] --START--
INFO: Run Behavior\BuildLiteBehavior [ RunTime:0.000014s ]
INFO: [ app_init ] --END-- [ RunTime:0.000316s ]
ERR: 无法加载模块:Public

[ 2017-06-12T14:59:35+08:00 ] 127.0.0.1 /HelloWorld/helloworld-houtai/Public/front/js/myemojiPl.js
INFO: [ app_init ] --START--
INFO: Run Behavior\BuildLiteBehavior [ RunTime:0.000018s ]
INFO: [ app_init ] --END-- [ RunTime:0.000473s ]
ERR: 无法加载模块:Public

[ 2017-06-12T14:59:35+08:00 ] 127.0.0.1 /HelloWorld/helloworld-houtai/Public/front/js/myemojiPl.js
INFO: [ app_init ] --START--
INFO: Run Behavior\BuildLiteBehavior [ RunTime:0.000012s ]
INFO: [ app_init ] --END-- [ RunTime:0.000284s ]
ERR: 无法加载模块:Public

[ 2017-06-12T15:01:16+08:00 ] 127.0.0.1 /HelloWorld/helloworld-houtai/Public/front/css/myemojiPl.css
INFO: [ app_init ] --START--
INFO: Run Behavior\BuildLiteBehavior [ RunTime:0.000021s ]
INFO: [ app_init ] --END-- [ RunTime:0.000468s ]
ERR: 无法加载模块:Public

[ 2017-06-12T15:01:16+08:00 ] 127.0.0.1 /HelloWorld/helloworld-houtai/Public/front/js/myemojiPl.js
INFO: [ app_init ] --START--
INFO: Run Behavior\BuildLiteBehavior [ RunTime:0.000021s ]
INFO: [ app_init ] --END-- [ RunTime:0.000455s ]
ERR: 无法加载模块:Public

[ 2017-06-12T15:01:16+08:00 ] 127.0.0.1 /HelloWorld/helloworld-houtai/Public/front//user-lit.png
INFO: [ app_init ] --START--
INFO: Run Behavior\BuildLiteBehavior [ RunTime:0.000017s ]
INFO: [ app_init ] --END-- [ RunTime:0.000446s ]
ERR: 无法加载模块:Public

[ 2017-06-12T15:01:16+08:00 ] 127.0.0.1 /HelloWorld/helloworld-houtai/Public/front//HelloWorld/helloworld-houtai/Public/front/img/user-lit.png
INFO: [ app_init ] --START--
INFO: Run Behavior\BuildLiteBehavior [ RunTime:0.000019s ]
INFO: [ app_init ] --END-- [ RunTime:0.000484s ]
ERR: 无法加载模块:Public

[ 2017-06-12T15:01:16+08:00 ] 127.0.0.1 /HelloWorld/helloworld-houtai/Public/front/js/myemojiPl.js
INFO: [ app_init ] --START--
INFO: Run Behavior\BuildLiteBehavior [ RunTime:0.000018s ]
INFO: [ app_init ] --END-- [ RunTime:0.000442s ]
ERR: 无法加载模块:Public

[ 2017-06-12T15:01:16+08:00 ] 127.0.0.1 /HelloWorld/helloworld-houtai/Public/front//user-lit.png
INFO: [ app_init ] --START--
INFO: Run Behavior\BuildLiteBehavior [ RunTime:0.000023s ]
INFO: [ app_init ] --END-- [ RunTime:0.000307s ]
ERR: 无法加载模块:Public

[ 2017-06-12T15:01:16+08:00 ] 127.0.0.1 /HelloWorld/helloworld-houtai/Public/front//HelloWorld/helloworld-houtai/Public/front/img/user-lit.png
INFO: [ app_init ] --START--
INFO: Run Behavior\BuildLiteBehavior [ RunTime:0.000012s ]
INFO: [ app_init ] --END-- [ RunTime:0.000299s ]
ERR: 无法加载模块:Public

[ 2017-06-12T15:44:10+08:00 ] 127.0.0.1 /HelloWorld/helloworld-houtai/Public/front/css/myemojiPl.css
INFO: [ app_init ] --START--
INFO: Run Behavior\BuildLiteBehavior [ RunTime:0.000019s ]
INFO: [ app_init ] --END-- [ RunTime:0.000434s ]
ERR: 无法加载模块:Public

[ 2017-06-12T15:44:10+08:00 ] 127.0.0.1 /HelloWorld/helloworld-houtai/Public/front/js/myemojiPl.js
INFO: [ app_init ] --START--
INFO: Run Behavior\BuildLiteBehavior [ RunTime:0.000020s ]
INFO: [ app_init ] --END-- [ RunTime:0.000509s ]
ERR: 无法加载模块:Public

[ 2017-06-12T15:44:10+08:00 ] 127.0.0.1 /HelloWorld/helloworld-houtai/Public/front//user-lit.png
INFO: [ app_init ] --START--
INFO: Run Behavior\BuildLiteBehavior [ RunTime:0.000012s ]
INFO: [ app_init ] --END-- [ RunTime:0.000302s ]
ERR: 无法加载模块:Public

[ 2017-06-12T15:44:10+08:00 ] 127.0.0.1 /HelloWorld/helloworld-houtai/Public/front//HelloWorld/helloworld-houtai/Public/front/img/user-lit.png
INFO: [ app_init ] --START--
INFO: Run Behavior\BuildLiteBehavior [ RunTime:0.000019s ]
INFO: [ app_init ] --END-- [ RunTime:0.000492s ]
ERR: 无法加载模块:Public

[ 2017-06-12T15:44:10+08:00 ] 127.0.0.1 /HelloWorld/helloworld-houtai/Public/front/js/myemojiPl.js
INFO: [ app_init ] --START--
INFO: Run Behavior\BuildLiteBehavior [ RunTime:0.000012s ]
INFO: [ app_init ] --END-- [ RunTime:0.000302s ]
ERR: 无法加载模块:Public

[ 2017-06-12T15:44:10+08:00 ] 127.0.0.1 /HelloWorld/helloworld-houtai/Public/front//user-lit.png
INFO: [ app_init ] --START--
INFO: Run Behavior\BuildLiteBehavior [ RunTime:0.000018s ]
INFO: [ app_init ] --END-- [ RunTime:0.000442s ]
ERR: 无法加载模块:Public

[ 2017-06-12T15:44:10+08:00 ] 127.0.0.1 /HelloWorld/helloworld-houtai/Public/front//HelloWorld/helloworld-houtai/Public/front/img/user-lit.png
INFO: [ app_init ] --START--
INFO: Run Behavior\BuildLiteBehavior [ RunTime:0.000016s ]
INFO: [ app_init ] --END-- [ RunTime:0.000498s ]
ERR: 无法加载模块:Public

[ 2017-06-12T16:41:34+08:00 ] 127.0.0.1 /HelloWorld/helloworld-houtai/Public/front/css/myemojiPl.css
INFO: [ app_init ] --START--
INFO: Run Behavior\BuildLiteBehavior [ RunTime:0.000021s ]
INFO: [ app_init ] --END-- [ RunTime:0.000489s ]
ERR: 无法加载模块:Public

[ 2017-06-12T16:41:34+08:00 ] 127.0.0.1 /HelloWorld/helloworld-houtai/Public/front/js/myemojiPl.js
INFO: [ app_init ] --START--
INFO: Run Behavior\BuildLiteBehavior [ RunTime:0.000020s ]
INFO: [ app_init ] --END-- [ RunTime:0.000625s ]
ERR: 无法加载模块:Public

[ 2017-06-12T16:41:34+08:00 ] 127.0.0.1 /HelloWorld/helloworld-houtai/Public/front/js/myemojiPl.js
INFO: [ app_init ] --START--
INFO: Run Behavior\BuildLiteBehavior [ RunTime:0.000012s ]
INFO: [ app_init ] --END-- [ RunTime:0.000297s ]
ERR: 无法加载模块:Public

[ 2017-06-12T16:41:42+08:00 ] 127.0.0.1 /HelloWorld/helloworld-houtai/Public/front/css/myemojiPl.css
INFO: [ app_init ] --START--
INFO: Run Behavior\BuildLiteBehavior [ RunTime:0.000020s ]
INFO: [ app_init ] --END-- [ RunTime:0.000476s ]
ERR: 无法加载模块:Public

[ 2017-06-12T16:41:42+08:00 ] 127.0.0.1 /HelloWorld/helloworld-houtai/Public/front/js/myemojiPl.js
INFO: [ app_init ] --START--
INFO: Run Behavior\BuildLiteBehavior [ RunTime:0.000012s ]
INFO: [ app_init ] --END-- [ RunTime:0.000300s ]
ERR: 无法加载模块:Public

[ 2017-06-12T16:41:42+08:00 ] 127.0.0.1 /HelloWorld/helloworld-houtai/Public/front/js/myemojiPl.js
INFO: [ app_init ] --START--
INFO: Run Behavior\BuildLiteBehavior [ RunTime:0.000018s ]
INFO: [ app_init ] --END-- [ RunTime:0.000468s ]
ERR: 无法加载模块:Public

[ 2017-06-12T16:48:06+08:00 ] 127.0.0.1 /HelloWorld/helloworld-houtai/Public/front/css/myemojiPl.css
INFO: [ app_init ] --START--
INFO: Run Behavior\BuildLiteBehavior [ RunTime:0.000018s ]
INFO: [ app_init ] --END-- [ RunTime:0.000446s ]
ERR: 无法加载模块:Public

[ 2017-06-12T16:48:06+08:00 ] 127.0.0.1 /HelloWorld/helloworld-houtai/Public/front/js/myemojiPl.js
INFO: [ app_init ] --START--
INFO: Run Behavior\BuildLiteBehavior [ RunTime:0.000021s ]
INFO: [ app_init ] --END-- [ RunTime:0.000571s ]
ERR: 无法加载模块:Public

[ 2017-06-12T16:48:14+08:00 ] 127.0.0.1 /HelloWorld/helloworld-houtai/Public/front/css/myemojiPl.css
INFO: [ app_init ] --START--
INFO: Run Behavior\BuildLiteBehavior [ RunTime:0.000019s ]
INFO: [ app_init ] --END-- [ RunTime:0.000478s ]
ERR: 无法加载模块:Public

[ 2017-06-12T16:48:14+08:00 ] 127.0.0.1 /HelloWorld/helloworld-houtai/Public/front/js/myemojiPl.js
INFO: [ app_init ] --START--
INFO: Run Behavior\BuildLiteBehavior [ RunTime:0.000013s ]
INFO: [ app_init ] --END-- [ RunTime:0.000436s ]
ERR: 无法加载模块:Public

[ 2017-06-12T16:48:14+08:00 ] 127.0.0.1 /HelloWorld/helloworld-houtai/Public/front/js/myemojiPl.js
INFO: [ app_init ] --START--
INFO: Run Behavior\BuildLiteBehavior [ RunTime:0.000012s ]
INFO: [ app_init ] --END-- [ RunTime:0.000291s ]
ERR: 无法加载模块:Public

[ 2017-06-12T16:48:26+08:00 ] 127.0.0.1 /HelloWorld/helloworld-houtai/Public/front/images/icon-all_01.png
INFO: [ app_init ] --START--
INFO: Run Behavior\BuildLiteBehavior [ RunTime:0.000054s ]
INFO: [ app_init ] --END-- [ RunTime:0.000925s ]
ERR: 无法加载模块:Public

