[ 2017-06-13T08:19:13+08:00 ] 127.0.0.1 /HelloWorld/helloworld-houtai/Public/front/images/icon-all_01.png
INFO: [ app_init ] --START--
INFO: Run Behavior\BuildLiteBehavior [ RunTime:0.000019s ]
INFO: [ app_init ] --END-- [ RunTime:0.000550s ]
ERR: 无法加载模块:Public

[ 2017-06-13T08:19:17+08:00 ] 127.0.0.1 /HelloWorld/helloworld-houtai/Public/front/images/icon-all_01.png
INFO: [ app_init ] --START--
INFO: Run Behavior\BuildLiteBehavior [ RunTime:0.000071s ]
INFO: [ app_init ] --END-- [ RunTime:0.000346s ]
ERR: 无法加载模块:Public

[ 2017-06-13T08:19:20+08:00 ] 127.0.0.1 /HelloWorld/helloworld-houtai/Public/front/images/icon-all_01.png
INFO: [ app_init ] --START--
INFO: Run Behavior\BuildLiteBehavior [ RunTime:0.000011s ]
INFO: [ app_init ] --END-- [ RunTime:0.000280s ]
ERR: 无法加载模块:Public

[ 2017-06-13T08:19:26+08:00 ] 127.0.0.1 /HelloWorld/helloworld-houtai/Public/front/images/icon-all_01.png
INFO: [ app_init ] --START--
INFO: Run Behavior\BuildLiteBehavior [ RunTime:0.000010s ]
INFO: [ app_init ] --END-- [ RunTime:0.000277s ]
ERR: 无法加载模块:Public

[ 2017-06-13T08:19:40+08:00 ] 127.0.0.1 /HelloWorld/helloworld-houtai/Public/front/images/icon-all_01.png
INFO: [ app_init ] --START--
INFO: Run Behavior\BuildLiteBehavior [ RunTime:0.000018s ]
INFO: [ app_init ] --END-- [ RunTime:0.000453s ]
ERR: 无法加载模块:Public

[ 2017-06-13T08:44:34+08:00 ] 127.0.0.1 /HelloWorld/helloworld-houtai/Public/front/images/icon-all_01.png
INFO: [ app_init ] --START--
INFO: Run Behavior\BuildLiteBehavior [ RunTime:0.000044s ]
INFO: [ app_init ] --END-- [ RunTime:0.000841s ]
ERR: 无法加载模块:Public

[ 2017-06-13T22:04:00+08:00 ] 127.0.0.1 /HelloWorld/helloworld-houtai/Public/front/fonts/fontawesome-webfont.woff2?v=4.6.3
INFO: [ app_init ] --START--
INFO: Run Behavior\BuildLiteBehavior [ RunTime:0.000016s ]
INFO: [ app_init ] --END-- [ RunTime:0.000399s ]
ERR: 无法加载模块:Public

[ 2017-06-13T22:04:00+08:00 ] 127.0.0.1 /HelloWorld/helloworld-houtai/Public/front/fonts/fontawesome-webfont.woff?v=4.6.3
INFO: [ app_init ] --START--
INFO: Run Behavior\BuildLiteBehavior [ RunTime:0.000019s ]
INFO: [ app_init ] --END-- [ RunTime:0.000455s ]
ERR: 无法加载模块:Public

[ 2017-06-13T22:04:00+08:00 ] 127.0.0.1 /HelloWorld/helloworld-houtai/Public/front/fonts/fontawesome-webfont.ttf?v=4.6.3
INFO: [ app_init ] --START--
INFO: Run Behavior\BuildLiteBehavior [ RunTime:0.000022s ]
INFO: [ app_init ] --END-- [ RunTime:0.000464s ]
ERR: 无法加载模块:Public

[ 2017-06-13T22:38:23+08:00 ] 127.0.0.1 /HelloWorld/helloworld-houtai/Public/front/images/icon-all_01.png
INFO: [ app_init ] --START--
INFO: Run Behavior\BuildLiteBehavior [ RunTime:0.000011s ]
INFO: [ app_init ] --END-- [ RunTime:0.000279s ]
ERR: 无法加载模块:Public

[ 2017-06-13T22:39:07+08:00 ] 127.0.0.1 /HelloWorld/helloworld-houtai/Public/front/images/icon-all_01.png
INFO: [ app_init ] --START--
INFO: Run Behavior\BuildLiteBehavior [ RunTime:0.000012s ]
INFO: [ app_init ] --END-- [ RunTime:0.000344s ]
ERR: 无法加载模块:Public

[ 2017-06-13T22:52:44+08:00 ] 127.0.0.1 /HelloWorld/helloworld-houtai/Public/front/images/icon-all_01.png
INFO: [ app_init ] --START--
INFO: Run Behavior\BuildLiteBehavior [ RunTime:0.000011s ]
INFO: [ app_init ] --END-- [ RunTime:0.000291s ]
ERR: 无法加载模块:Public

[ 2017-06-13T22:53:56+08:00 ] 127.0.0.1 /HelloWorld/helloworld-houtai/Public/front/images/icon-all_01.png
INFO: [ app_init ] --START--
INFO: Run Behavior\BuildLiteBehavior [ RunTime:0.000012s ]
INFO: [ app_init ] --END-- [ RunTime:0.000367s ]
ERR: 无法加载模块:Public

